TpTrace Verbose: 0 : 25116, 1, 2022/05/12, 09:19:25.634, 67413994631, vstest.console.dll, Version: 17.2.0-release-20220209-04
TpTrace Information: 0 : 25116, 1, 2022/05/12, 09:19:25.642, 67414049696, vstest.console.dll, FilePatternParser: The given file L:\source\repos\CardShow\Test\bin\Debug\net6.0\fine-code-coverage\build-output\CardShow.Test.dll is a full path.
TpTrace Verbose: 0 : 25116, 1, 2022/05/12, 09:19:25.645, 67414082227, vstest.console.dll, TestPluginCache.DiscoverTestExtensions: finding test extensions in assemblies ends with: RuntimeProvider.dll TPluginInfo: Microsoft.VisualStudio.TestPlatform.Common.ExtensionFramework.Utilities.TestRuntimePluginInformation TExtension: Microsoft.VisualStudio.TestPlatform.ObjectModel.Host.ITestRuntimeProvider
TpTrace Verbose: 0 : 25116, 1, 2022/05/12, 09:19:25.645, 67414084862, vstest.console.dll, TestPluginCache.GetExtensionPaths: Filtered extension paths: 
TpTrace Verbose: 0 : 25116, 1, 2022/05/12, 09:19:25.645, 67414085470, vstest.console.dll, TestPluginCache.GetExtensionPaths: Added default extension paths: C:\Program Files\dotnet\sdk\6.0.300-preview.22204.3\Extensions\DumpMinitool.exe
C:\Program Files\dotnet\sdk\6.0.300-preview.22204.3\Extensions\DumpMinitool.x86.exe
C:\Program Files\dotnet\sdk\6.0.300-preview.22204.3\Extensions\Microsoft.Diagnostics.NETCore.Client.dll
C:\Program Files\dotnet\sdk\6.0.300-preview.22204.3\Extensions\Microsoft.TestPlatform.Extensions.BlameDataCollector.dll
C:\Program Files\dotnet\sdk\6.0.300-preview.22204.3\Extensions\Microsoft.TestPlatform.Extensions.EventLogCollector.dll
C:\Program Files\dotnet\sdk\6.0.300-preview.22204.3\Extensions\Microsoft.TestPlatform.TestHostRuntimeProvider.dll
C:\Program Files\dotnet\sdk\6.0.300-preview.22204.3\Extensions\Microsoft.VisualStudio.TestPlatform.Extensions.Html.TestLogger.dll
C:\Program Files\dotnet\sdk\6.0.300-preview.22204.3\Extensions\Microsoft.VisualStudio.TestPlatform.Extensions.Trx.TestLogger.dll
TpTrace Verbose: 0 : 25116, 1, 2022/05/12, 09:19:25.645, 67414085809, vstest.console.dll, TestPluginCache.GetExtensionPaths: Added unfilterableExtensionPaths: 
TpTrace Information: 0 : 25116, 1, 2022/05/12, 09:19:25.646, 67414091274, vstest.console.dll, AssemblyResolver.ctor: Creating AssemblyResolver with searchDirectories C:\Program Files\dotnet\sdk\6.0.300-preview.22204.3\Extensions,C:\Program Files\dotnet\sdk\6.0.300-preview.22204.3
TpTrace Verbose: 0 : 25116, 1, 2022/05/12, 09:19:25.646, 67414096236, vstest.console.dll, TestPluginCache.DiscoverTestExtensions: Discovering the extensions using extension path.
TpTrace Verbose: 0 : 25116, 1, 2022/05/12, 09:19:25.646, 67414097017, vstest.console.dll, TestPluginCache.GetExtensionPaths: Filtered extension paths: 
TpTrace Verbose: 0 : 25116, 1, 2022/05/12, 09:19:25.647, 67414097294, vstest.console.dll, TestPluginCache.GetExtensionPaths: Added default extension paths: C:\Program Files\dotnet\sdk\6.0.300-preview.22204.3\Extensions\DumpMinitool.exe
C:\Program Files\dotnet\sdk\6.0.300-preview.22204.3\Extensions\DumpMinitool.x86.exe
C:\Program Files\dotnet\sdk\6.0.300-preview.22204.3\Extensions\Microsoft.Diagnostics.NETCore.Client.dll
C:\Program Files\dotnet\sdk\6.0.300-preview.22204.3\Extensions\Microsoft.TestPlatform.Extensions.BlameDataCollector.dll
C:\Program Files\dotnet\sdk\6.0.300-preview.22204.3\Extensions\Microsoft.TestPlatform.Extensions.EventLogCollector.dll
C:\Program Files\dotnet\sdk\6.0.300-preview.22204.3\Extensions\Microsoft.TestPlatform.TestHostRuntimeProvider.dll
C:\Program Files\dotnet\sdk\6.0.300-preview.22204.3\Extensions\Microsoft.VisualStudio.TestPlatform.Extensions.Html.TestLogger.dll
C:\Program Files\dotnet\sdk\6.0.300-preview.22204.3\Extensions\Microsoft.VisualStudio.TestPlatform.Extensions.Trx.TestLogger.dll
TpTrace Verbose: 0 : 25116, 1, 2022/05/12, 09:19:25.647, 67414097571, vstest.console.dll, TestPluginCache.GetExtensionPaths: Added unfilterableExtensionPaths: 
TpTrace Verbose: 0 : 25116, 1, 2022/05/12, 09:19:25.647, 67414097957, vstest.console.dll, TestPluginCache.DiscoverTestExtensions: Discovering the extensions using allExtensionPaths: C:\Program Files\dotnet\sdk\6.0.300-preview.22204.3\Extensions\DumpMinitool.exe
C:\Program Files\dotnet\sdk\6.0.300-preview.22204.3\Extensions\DumpMinitool.x86.exe
C:\Program Files\dotnet\sdk\6.0.300-preview.22204.3\Extensions\Microsoft.Diagnostics.NETCore.Client.dll
C:\Program Files\dotnet\sdk\6.0.300-preview.22204.3\Extensions\Microsoft.TestPlatform.Extensions.BlameDataCollector.dll
C:\Program Files\dotnet\sdk\6.0.300-preview.22204.3\Extensions\Microsoft.TestPlatform.Extensions.EventLogCollector.dll
C:\Program Files\dotnet\sdk\6.0.300-preview.22204.3\Extensions\Microsoft.TestPlatform.TestHostRuntimeProvider.dll
C:\Program Files\dotnet\sdk\6.0.300-preview.22204.3\Extensions\Microsoft.VisualStudio.TestPlatform.Extensions.Html.TestLogger.dll
C:\Program Files\dotnet\sdk\6.0.300-preview.22204.3\Extensions\Microsoft.VisualStudio.TestPlatform.Extensions.Trx.TestLogger.dll
TpTrace Information: 0 : 25116, 1, 2022/05/12, 09:19:25.647, 67414099077, vstest.console.dll, AssemblyResolver.AddSearchDirectories: Adding more searchDirectories C:\Program Files\dotnet\sdk\6.0.300-preview.22204.3\Extensions,C:\Program Files\dotnet\sdk\6.0.300-preview.22204.3
TpTrace Information: 0 : 25116, 1, 2022/05/12, 09:19:25.647, 67414099503, vstest.console.dll, AssemblyResolver.AddSearchDirectories: Adding more searchDirectories C:\Program Files\dotnet\sdk\6.0.300-preview.22204.3\Extensions,C:\Program Files\dotnet\sdk\6.0.300-preview.22204.3
TpTrace Information: 0 : 25116, 1, 2022/05/12, 09:19:25.647, 67414099738, vstest.console.dll, AssemblyResolver.AddSearchDirectories: Adding more searchDirectories C:\Program Files\dotnet\sdk\6.0.300-preview.22204.3\Extensions,C:\Program Files\dotnet\sdk\6.0.300-preview.22204.3
TpTrace Information: 0 : 25116, 1, 2022/05/12, 09:19:25.647, 67414099943, vstest.console.dll, AssemblyResolver.AddSearchDirectories: Adding more searchDirectories C:\Program Files\dotnet\sdk\6.0.300-preview.22204.3\Extensions,C:\Program Files\dotnet\sdk\6.0.300-preview.22204.3
TpTrace Information: 0 : 25116, 1, 2022/05/12, 09:19:25.647, 67414100169, vstest.console.dll, AssemblyResolver.AddSearchDirectories: Adding more searchDirectories C:\Program Files\dotnet\sdk\6.0.300-preview.22204.3\Extensions,C:\Program Files\dotnet\sdk\6.0.300-preview.22204.3
TpTrace Information: 0 : 25116, 1, 2022/05/12, 09:19:25.647, 67414100370, vstest.console.dll, AssemblyResolver.AddSearchDirectories: Adding more searchDirectories C:\Program Files\dotnet\sdk\6.0.300-preview.22204.3\Extensions,C:\Program Files\dotnet\sdk\6.0.300-preview.22204.3
TpTrace Information: 0 : 25116, 1, 2022/05/12, 09:19:25.647, 67414100565, vstest.console.dll, AssemblyResolver.AddSearchDirectories: Adding more searchDirectories C:\Program Files\dotnet\sdk\6.0.300-preview.22204.3\Extensions,C:\Program Files\dotnet\sdk\6.0.300-preview.22204.3
TpTrace Information: 0 : 25116, 1, 2022/05/12, 09:19:25.647, 67414100798, vstest.console.dll, AssemblyResolver.AddSearchDirectories: Adding more searchDirectories C:\Program Files\dotnet\sdk\6.0.300-preview.22204.3\Extensions,C:\Program Files\dotnet\sdk\6.0.300-preview.22204.3
TpTrace Information: 0 : 25116, 1, 2022/05/12, 09:19:25.647, 67414103035, vstest.console.dll, AssemblyResolver.OnResolve: DumpMinitool: Resolving assembly.
TpTrace Information: 0 : 25116, 1, 2022/05/12, 09:19:25.647, 67414103475, vstest.console.dll, AssemblyResolver.OnResolve: DumpMinitool: Searching in: 'C:\Program Files\dotnet\sdk\6.0.300-preview.22204.3\Extensions'.
TpTrace Information: 0 : 25116, 1, 2022/05/12, 09:19:25.647, 67414104114, vstest.console.dll, AssemblyResolver.OnResolve: DumpMinitool: Assembly path does not exist: 'C:\Program Files\dotnet\sdk\6.0.300-preview.22204.3\Extensions\DumpMinitool.dll', returning.
TpTrace Information: 0 : 25116, 1, 2022/05/12, 09:19:25.648, 67414107897, vstest.console.dll, AssemblyResolver.OnResolve: DumpMinitool: Loading assembly 'C:\Program Files\dotnet\sdk\6.0.300-preview.22204.3\Extensions\DumpMinitool.exe'.
TpTrace Information: 0 : 25116, 1, 2022/05/12, 09:19:25.648, 67414111562, vstest.console.dll, AssemblyResolver.OnResolve: Resolved assembly: DumpMinitool, from path: C:\Program Files\dotnet\sdk\6.0.300-preview.22204.3\Extensions\DumpMinitool.exe
TpTrace Verbose: 0 : 25116, 1, 2022/05/12, 09:19:25.651, 67414143834, vstest.console.dll, MetadataReaderExtensionsHelper: Discovering extensions inside assembly 'DumpMinitool, Version=15.0.0.0, Culture=neutral, PublicKeyToken=b03f5f7f11d50a3a' file path 'C:\Program Files\dotnet\sdk\6.0.300-preview.22204.3\Extensions\DumpMinitool.exe'
TpTrace Information: 0 : 25116, 1, 2022/05/12, 09:19:25.655, 67414186787, vstest.console.dll, AssemblyResolver.OnResolve: DumpMinitool.x86: Resolving assembly.
TpTrace Information: 0 : 25116, 1, 2022/05/12, 09:19:25.656, 67414187324, vstest.console.dll, AssemblyResolver.OnResolve: DumpMinitool.x86: Searching in: 'C:\Program Files\dotnet\sdk\6.0.300-preview.22204.3\Extensions'.
TpTrace Information: 0 : 25116, 1, 2022/05/12, 09:19:25.656, 67414187873, vstest.console.dll, AssemblyResolver.OnResolve: DumpMinitool.x86: Assembly path does not exist: 'C:\Program Files\dotnet\sdk\6.0.300-preview.22204.3\Extensions\DumpMinitool.x86.dll', returning.
TpTrace Information: 0 : 25116, 1, 2022/05/12, 09:19:25.656, 67414191808, vstest.console.dll, AssemblyResolver.OnResolve: DumpMinitool.x86: Loading assembly 'C:\Program Files\dotnet\sdk\6.0.300-preview.22204.3\Extensions\DumpMinitool.x86.exe'.
TpTrace Information: 0 : 25116, 1, 2022/05/12, 09:19:25.656, 67414195462, vstest.console.dll, AssemblyResolver.OnResolve: Resolved assembly: DumpMinitool.x86, from path: C:\Program Files\dotnet\sdk\6.0.300-preview.22204.3\Extensions\DumpMinitool.x86.exe
TpTrace Verbose: 0 : 25116, 1, 2022/05/12, 09:19:25.656, 67414196003, vstest.console.dll, MetadataReaderExtensionsHelper: Discovering extensions inside assembly 'DumpMinitool.x86, Version=15.0.0.0, Culture=neutral, PublicKeyToken=b03f5f7f11d50a3a' file path 'C:\Program Files\dotnet\sdk\6.0.300-preview.22204.3\Extensions\DumpMinitool.x86.exe'
TpTrace Information: 0 : 25116, 1, 2022/05/12, 09:19:25.657, 67414200568, vstest.console.dll, AssemblyResolver.OnResolve: Microsoft.Diagnostics.NETCore.Client: Resolving assembly.
TpTrace Information: 0 : 25116, 1, 2022/05/12, 09:19:25.657, 67414200942, vstest.console.dll, AssemblyResolver.OnResolve: Microsoft.Diagnostics.NETCore.Client: Searching in: 'C:\Program Files\dotnet\sdk\6.0.300-preview.22204.3\Extensions'.
TpTrace Information: 0 : 25116, 1, 2022/05/12, 09:19:25.657, 67414203878, vstest.console.dll, AssemblyResolver.OnResolve: Microsoft.Diagnostics.NETCore.Client: Loading assembly 'C:\Program Files\dotnet\sdk\6.0.300-preview.22204.3\Extensions\Microsoft.Diagnostics.NETCore.Client.dll'.
TpTrace Information: 0 : 25116, 1, 2022/05/12, 09:19:25.658, 67414208529, vstest.console.dll, AssemblyResolver.OnResolve: Resolved assembly: Microsoft.Diagnostics.NETCore.Client, from path: C:\Program Files\dotnet\sdk\6.0.300-preview.22204.3\Extensions\Microsoft.Diagnostics.NETCore.Client.dll
TpTrace Verbose: 0 : 25116, 1, 2022/05/12, 09:19:25.658, 67414209009, vstest.console.dll, MetadataReaderExtensionsHelper: Discovering extensions inside assembly 'Microsoft.Diagnostics.NETCore.Client, Version=0.2.5.801, Culture=neutral, PublicKeyToken=31bf3856ad364e35' file path 'C:\Program Files\dotnet\sdk\6.0.300-preview.22204.3\Extensions\Microsoft.Diagnostics.NETCore.Client.dll'
TpTrace Information: 0 : 25116, 1, 2022/05/12, 09:19:25.661, 67414245918, vstest.console.dll, AssemblyResolver.OnResolve: Microsoft.Bcl.AsyncInterfaces: Resolving assembly.
TpTrace Information: 0 : 25116, 1, 2022/05/12, 09:19:25.661, 67414246414, vstest.console.dll, AssemblyResolver.OnResolve: Microsoft.Bcl.AsyncInterfaces: Searching in: 'C:\Program Files\dotnet\sdk\6.0.300-preview.22204.3\Extensions'.
TpTrace Information: 0 : 25116, 1, 2022/05/12, 09:19:25.661, 67414246951, vstest.console.dll, AssemblyResolver.OnResolve: Microsoft.Bcl.AsyncInterfaces: Assembly path does not exist: 'C:\Program Files\dotnet\sdk\6.0.300-preview.22204.3\Extensions\Microsoft.Bcl.AsyncInterfaces.dll', returning.
TpTrace Information: 0 : 25116, 1, 2022/05/12, 09:19:25.662, 67414247793, vstest.console.dll, AssemblyResolver.OnResolve: Microsoft.Bcl.AsyncInterfaces: Assembly path does not exist: 'C:\Program Files\dotnet\sdk\6.0.300-preview.22204.3\Extensions\Microsoft.Bcl.AsyncInterfaces.exe', returning.
TpTrace Information: 0 : 25116, 1, 2022/05/12, 09:19:25.662, 67414248045, vstest.console.dll, AssemblyResolver.OnResolve: Microsoft.Bcl.AsyncInterfaces: Searching in: 'C:\Program Files\dotnet\sdk\6.0.300-preview.22204.3'.
TpTrace Information: 0 : 25116, 1, 2022/05/12, 09:19:25.662, 67414248474, vstest.console.dll, AssemblyResolver.OnResolve: Microsoft.Bcl.AsyncInterfaces: Assembly path does not exist: 'C:\Program Files\dotnet\sdk\6.0.300-preview.22204.3\Microsoft.Bcl.AsyncInterfaces.dll', returning.
TpTrace Information: 0 : 25116, 1, 2022/05/12, 09:19:25.662, 67414248874, vstest.console.dll, AssemblyResolver.OnResolve: Microsoft.Bcl.AsyncInterfaces: Assembly path does not exist: 'C:\Program Files\dotnet\sdk\6.0.300-preview.22204.3\Microsoft.Bcl.AsyncInterfaces.exe', returning.
TpTrace Information: 0 : 25116, 1, 2022/05/12, 09:19:25.662, 67414249105, vstest.console.dll, AssemblyResolver.OnResolve: Microsoft.Bcl.AsyncInterfaces: Failed to load assembly.
TpTrace Verbose: 0 : 25116, 1, 2022/05/12, 09:19:25.662, 67414249380, vstest.console.dll, CurrentDomainAssemblyResolve: Resolving assembly 'Microsoft.Bcl.AsyncInterfaces'.
TpTrace Information: 0 : 25116, 1, 2022/05/12, 09:19:25.662, 67414249730, vstest.console.dll, AssemblyResolver.OnResolve: Microsoft.Bcl.AsyncInterfaces: Resolving assembly.
TpTrace Information: 0 : 25116, 1, 2022/05/12, 09:19:25.662, 67414249983, vstest.console.dll, AssemblyResolver.OnResolve: Microsoft.Bcl.AsyncInterfaces: Resolved from cache.
TpTrace Verbose: 0 : 25116, 1, 2022/05/12, 09:19:25.662, 67414250241, vstest.console.dll, CurrentDomainAssemblyResolve: Resolving assembly 'Microsoft.Bcl.AsyncInterfaces'.
TpTrace Verbose: 0 : 25116, 1, 2022/05/12, 09:19:25.662, 67414250488, vstest.console.dll, CurrentDomainAssemblyResolve: Failed to resolve assembly 'Microsoft.Bcl.AsyncInterfaces'.
TpTrace Verbose: 0 : 25116, 1, 2022/05/12, 09:19:25.662, 67414253085, vstest.console.dll, CurrentDomainAssemblyResolve: Failed to resolve assembly 'Microsoft.Bcl.AsyncInterfaces'.
TpTrace Warning: 0 : 25116, 1, 2022/05/12, 09:19:25.669, 67414324941, vstest.console.dll, TestPluginDiscoverer: Failed to get types from assembly 'Microsoft.Diagnostics.NETCore.Client, Version=0.2.5.801, Culture=neutral, PublicKeyToken=31bf3856ad364e35'. Error: System.Reflection.ReflectionTypeLoadException: Unable to load one or more of the requested types.
Could not load file or assembly 'Microsoft.Bcl.AsyncInterfaces, Version=1.0.0.0, Culture=neutral, PublicKeyToken=cc7b13ffcd2ddd51'. The system cannot find the file specified.
   at System.Reflection.RuntimeModule.GetTypes(RuntimeModule module)
   at System.Reflection.Assembly.GetTypes()
   at Microsoft.VisualStudio.TestPlatform.Common.ExtensionFramework.TestPluginDiscoverer.GetTestExtensionsFromAssembly[TPluginInfo,TExtension](Assembly assembly, Dictionary`2 pluginInfos, String filePath)
System.IO.FileNotFoundException: Could not load file or assembly 'Microsoft.Bcl.AsyncInterfaces, Version=1.0.0.0, Culture=neutral, PublicKeyToken=cc7b13ffcd2ddd51'. The system cannot find the file specified.
File name: 'Microsoft.Bcl.AsyncInterfaces, Version=1.0.0.0, Culture=neutral, PublicKeyToken=cc7b13ffcd2ddd51'
 ---> System.IO.FileNotFoundException: Could not load file or assembly 'Microsoft.Bcl.AsyncInterfaces, Culture=neutral, PublicKeyToken=null'. The system cannot find the file specified.
File name: 'Microsoft.Bcl.AsyncInterfaces, Culture=neutral, PublicKeyToken=null'
   at System.Reflection.RuntimeAssembly.InternalLoad(ObjectHandleOnStack assemblyName, ObjectHandleOnStack requestingAssembly, StackCrawlMarkHandle stackMark, Boolean throwOnFileNotFound, ObjectHandleOnStack assemblyLoadContext, ObjectHandleOnStack retAssembly)
   at System.Reflection.RuntimeAssembly.InternalLoad(AssemblyName assemblyName, RuntimeAssembly requestingAssembly, StackCrawlMark& stackMark, Boolean throwOnFileNotFound, AssemblyLoadContext assemblyLoadContext)
   at System.Reflection.Assembly.Load(AssemblyName assemblyRef)
   at Microsoft.VisualStudio.TestPlatform.Common.ExtensionFramework.TestPluginCache.CurrentDomainAssemblyResolve(Object sender, AssemblyResolveEventArgs args)
   at Microsoft.VisualStudio.TestPlatform.PlatformAbstractions.PlatformAssemblyResolver.AssemblyResolverEvent(Object sender, Object eventArgs)
   at System.Runtime.Loader.AssemblyLoadContext.GetFirstResolvedAssemblyFromResolvingEvent(AssemblyName assemblyName)
   at System.Runtime.Loader.AssemblyLoadContext.ResolveUsingEvent(AssemblyName assemblyName)
   at System.Runtime.Loader.AssemblyLoadContext.ResolveUsingResolvingEvent(IntPtr gchManagedAssemblyLoadContext, AssemblyName assemblyName)
TpTrace Warning: 0 : 25116, 1, 2022/05/12, 09:19:25.670, 67414332171, vstest.console.dll, TestPluginDiscoverer: Failed to load extensions from file 'C:\Program Files\dotnet\sdk\6.0.300-preview.22204.3\Extensions\Microsoft.Diagnostics.NETCore.Client.dll'.  Skipping test extension scan for this file.  Error: System.ArgumentNullException: Value cannot be null. (Parameter 'type')
   at System.Reflection.IntrospectionExtensions.GetTypeInfo(Type type)
   at Microsoft.VisualStudio.TestPlatform.Common.ExtensionFramework.TestPluginDiscoverer.<>c__6`2.<GetTestExtensionsFromAssembly>b__6_1(Type type)
   at System.Linq.Enumerable.WhereArrayIterator`1.MoveNext()
   at System.Collections.Generic.List`1.InsertRange(Int32 index, IEnumerable`1 collection)
   at System.Collections.Generic.List`1.AddRange(IEnumerable`1 collection)
   at Microsoft.VisualStudio.TestPlatform.Common.ExtensionFramework.TestPluginDiscoverer.GetTestExtensionsFromAssembly[TPluginInfo,TExtension](Assembly assembly, Dictionary`2 pluginInfos, String filePath)
   at Microsoft.VisualStudio.TestPlatform.Common.ExtensionFramework.TestPluginDiscoverer.GetTestExtensionsFromFiles[TPluginInfo,TExtension](String[] files, Dictionary`2 pluginInfos)
TpTrace Information: 0 : 25116, 1, 2022/05/12, 09:19:25.670, 67414332927, vstest.console.dll, AssemblyResolver.OnResolve: Microsoft.TestPlatform.Extensions.BlameDataCollector: Resolving assembly.
TpTrace Information: 0 : 25116, 1, 2022/05/12, 09:19:25.670, 67414333214, vstest.console.dll, AssemblyResolver.OnResolve: Microsoft.TestPlatform.Extensions.BlameDataCollector: Searching in: 'C:\Program Files\dotnet\sdk\6.0.300-preview.22204.3\Extensions'.
TpTrace Information: 0 : 25116, 1, 2022/05/12, 09:19:25.670, 67414336417, vstest.console.dll, AssemblyResolver.OnResolve: Microsoft.TestPlatform.Extensions.BlameDataCollector: Loading assembly 'C:\Program Files\dotnet\sdk\6.0.300-preview.22204.3\Extensions\Microsoft.TestPlatform.Extensions.BlameDataCollector.dll'.
TpTrace Information: 0 : 25116, 1, 2022/05/12, 09:19:25.671, 67414340482, vstest.console.dll, AssemblyResolver.OnResolve: Resolved assembly: Microsoft.TestPlatform.Extensions.BlameDataCollector, from path: C:\Program Files\dotnet\sdk\6.0.300-preview.22204.3\Extensions\Microsoft.TestPlatform.Extensions.BlameDataCollector.dll
TpTrace Verbose: 0 : 25116, 1, 2022/05/12, 09:19:25.671, 67414340983, vstest.console.dll, MetadataReaderExtensionsHelper: Discovering extensions inside assembly 'Microsoft.TestPlatform.Extensions.BlameDataCollector, Version=15.0.0.0, Culture=neutral, PublicKeyToken=b03f5f7f11d50a3a' file path 'C:\Program Files\dotnet\sdk\6.0.300-preview.22204.3\Extensions\Microsoft.TestPlatform.Extensions.BlameDataCollector.dll'
TpTrace Information: 0 : 25116, 1, 2022/05/12, 09:19:25.672, 67414349746, vstest.console.dll, AssemblyResolver.OnResolve: Microsoft.TestPlatform.Extensions.EventLogCollector: Resolving assembly.
TpTrace Information: 0 : 25116, 1, 2022/05/12, 09:19:25.672, 67414350122, vstest.console.dll, AssemblyResolver.OnResolve: Microsoft.TestPlatform.Extensions.EventLogCollector: Searching in: 'C:\Program Files\dotnet\sdk\6.0.300-preview.22204.3\Extensions'.
TpTrace Information: 0 : 25116, 1, 2022/05/12, 09:19:25.672, 67414352943, vstest.console.dll, AssemblyResolver.OnResolve: Microsoft.TestPlatform.Extensions.EventLogCollector: Loading assembly 'C:\Program Files\dotnet\sdk\6.0.300-preview.22204.3\Extensions\Microsoft.TestPlatform.Extensions.EventLogCollector.dll'.
TpTrace Information: 0 : 25116, 1, 2022/05/12, 09:19:25.672, 67414356323, vstest.console.dll, AssemblyResolver.OnResolve: Resolved assembly: Microsoft.TestPlatform.Extensions.EventLogCollector, from path: C:\Program Files\dotnet\sdk\6.0.300-preview.22204.3\Extensions\Microsoft.TestPlatform.Extensions.EventLogCollector.dll
TpTrace Verbose: 0 : 25116, 1, 2022/05/12, 09:19:25.672, 67414356801, vstest.console.dll, MetadataReaderExtensionsHelper: Discovering extensions inside assembly 'Microsoft.TestPlatform.Extensions.EventLogCollector, Version=15.0.0.0, Culture=neutral, PublicKeyToken=b03f5f7f11d50a3a' file path 'C:\Program Files\dotnet\sdk\6.0.300-preview.22204.3\Extensions\Microsoft.TestPlatform.Extensions.EventLogCollector.dll'
TpTrace Information: 0 : 25116, 1, 2022/05/12, 09:19:25.673, 67414364663, vstest.console.dll, AssemblyResolver.OnResolve: Microsoft.TestPlatform.TestHostRuntimeProvider: Resolving assembly.
TpTrace Information: 0 : 25116, 1, 2022/05/12, 09:19:25.673, 67414365027, vstest.console.dll, AssemblyResolver.OnResolve: Microsoft.TestPlatform.TestHostRuntimeProvider: Searching in: 'C:\Program Files\dotnet\sdk\6.0.300-preview.22204.3\Extensions'.
TpTrace Information: 0 : 25116, 1, 2022/05/12, 09:19:25.674, 67414367818, vstest.console.dll, AssemblyResolver.OnResolve: Microsoft.TestPlatform.TestHostRuntimeProvider: Loading assembly 'C:\Program Files\dotnet\sdk\6.0.300-preview.22204.3\Extensions\Microsoft.TestPlatform.TestHostRuntimeProvider.dll'.
TpTrace Information: 0 : 25116, 1, 2022/05/12, 09:19:25.674, 67414371299, vstest.console.dll, AssemblyResolver.OnResolve: Resolved assembly: Microsoft.TestPlatform.TestHostRuntimeProvider, from path: C:\Program Files\dotnet\sdk\6.0.300-preview.22204.3\Extensions\Microsoft.TestPlatform.TestHostRuntimeProvider.dll
TpTrace Verbose: 0 : 25116, 1, 2022/05/12, 09:19:25.674, 67414371742, vstest.console.dll, MetadataReaderExtensionsHelper: Discovering extensions inside assembly 'Microsoft.TestPlatform.TestHostRuntimeProvider, Version=15.0.0.0, Culture=neutral, PublicKeyToken=b03f5f7f11d50a3a' file path 'C:\Program Files\dotnet\sdk\6.0.300-preview.22204.3\Extensions\Microsoft.TestPlatform.TestHostRuntimeProvider.dll'
TpTrace Information: 0 : 25116, 1, 2022/05/12, 09:19:25.675, 67414381674, vstest.console.dll, GetTestExtensionFromType: Register extension with identifier data 'HostProvider://DefaultTestHost' and type 'Microsoft.VisualStudio.TestPlatform.CrossPlatEngine.Hosting.DefaultTestHostManager, Microsoft.TestPlatform.TestHostRuntimeProvider, Version=15.0.0.0, Culture=neutral, PublicKeyToken=b03f5f7f11d50a3a' inside file 'C:\Program Files\dotnet\sdk\6.0.300-preview.22204.3\Extensions\Microsoft.TestPlatform.TestHostRuntimeProvider.dll'
TpTrace Information: 0 : 25116, 1, 2022/05/12, 09:19:25.675, 67414382244, vstest.console.dll, GetTestExtensionFromType: Register extension with identifier data 'HostProvider://DotnetTestHost' and type 'Microsoft.VisualStudio.TestPlatform.CrossPlatEngine.Hosting.DotnetTestHostManager, Microsoft.TestPlatform.TestHostRuntimeProvider, Version=15.0.0.0, Culture=neutral, PublicKeyToken=b03f5f7f11d50a3a' inside file 'C:\Program Files\dotnet\sdk\6.0.300-preview.22204.3\Extensions\Microsoft.TestPlatform.TestHostRuntimeProvider.dll'
TpTrace Information: 0 : 25116, 1, 2022/05/12, 09:19:25.675, 67414382715, vstest.console.dll, AssemblyResolver.OnResolve: Microsoft.VisualStudio.TestPlatform.Extensions.Html.TestLogger: Resolving assembly.
TpTrace Information: 0 : 25116, 1, 2022/05/12, 09:19:25.675, 67414382970, vstest.console.dll, AssemblyResolver.OnResolve: Microsoft.VisualStudio.TestPlatform.Extensions.Html.TestLogger: Searching in: 'C:\Program Files\dotnet\sdk\6.0.300-preview.22204.3\Extensions'.
TpTrace Information: 0 : 25116, 1, 2022/05/12, 09:19:25.675, 67414385779, vstest.console.dll, AssemblyResolver.OnResolve: Microsoft.VisualStudio.TestPlatform.Extensions.Html.TestLogger: Loading assembly 'C:\Program Files\dotnet\sdk\6.0.300-preview.22204.3\Extensions\Microsoft.VisualStudio.TestPlatform.Extensions.Html.TestLogger.dll'.
TpTrace Information: 0 : 25116, 1, 2022/05/12, 09:19:25.676, 67414389205, vstest.console.dll, AssemblyResolver.OnResolve: Resolved assembly: Microsoft.VisualStudio.TestPlatform.Extensions.Html.TestLogger, from path: C:\Program Files\dotnet\sdk\6.0.300-preview.22204.3\Extensions\Microsoft.VisualStudio.TestPlatform.Extensions.Html.TestLogger.dll
TpTrace Verbose: 0 : 25116, 1, 2022/05/12, 09:19:25.676, 67414389664, vstest.console.dll, MetadataReaderExtensionsHelper: Discovering extensions inside assembly 'Microsoft.VisualStudio.TestPlatform.Extensions.Html.TestLogger, Version=15.0.0.0, Culture=neutral, PublicKeyToken=b03f5f7f11d50a3a' file path 'C:\Program Files\dotnet\sdk\6.0.300-preview.22204.3\Extensions\Microsoft.VisualStudio.TestPlatform.Extensions.Html.TestLogger.dll'
TpTrace Information: 0 : 25116, 1, 2022/05/12, 09:19:25.676, 67414394061, vstest.console.dll, AssemblyResolver.OnResolve: Microsoft.VisualStudio.TestPlatform.Extensions.Trx.TestLogger: Resolving assembly.
TpTrace Information: 0 : 25116, 1, 2022/05/12, 09:19:25.676, 67414394457, vstest.console.dll, AssemblyResolver.OnResolve: Microsoft.VisualStudio.TestPlatform.Extensions.Trx.TestLogger: Searching in: 'C:\Program Files\dotnet\sdk\6.0.300-preview.22204.3\Extensions'.
TpTrace Information: 0 : 25116, 1, 2022/05/12, 09:19:25.677, 67414397254, vstest.console.dll, AssemblyResolver.OnResolve: Microsoft.VisualStudio.TestPlatform.Extensions.Trx.TestLogger: Loading assembly 'C:\Program Files\dotnet\sdk\6.0.300-preview.22204.3\Extensions\Microsoft.VisualStudio.TestPlatform.Extensions.Trx.TestLogger.dll'.
TpTrace Information: 0 : 25116, 1, 2022/05/12, 09:19:25.677, 67414401124, vstest.console.dll, AssemblyResolver.OnResolve: Resolved assembly: Microsoft.VisualStudio.TestPlatform.Extensions.Trx.TestLogger, from path: C:\Program Files\dotnet\sdk\6.0.300-preview.22204.3\Extensions\Microsoft.VisualStudio.TestPlatform.Extensions.Trx.TestLogger.dll
TpTrace Verbose: 0 : 25116, 1, 2022/05/12, 09:19:25.677, 67414401606, vstest.console.dll, MetadataReaderExtensionsHelper: Discovering extensions inside assembly 'Microsoft.VisualStudio.TestPlatform.Extensions.Trx.TestLogger, Version=15.0.0.0, Culture=neutral, PublicKeyToken=b03f5f7f11d50a3a' file path 'C:\Program Files\dotnet\sdk\6.0.300-preview.22204.3\Extensions\Microsoft.VisualStudio.TestPlatform.Extensions.Trx.TestLogger.dll'
TpTrace Verbose: 0 : 25116, 1, 2022/05/12, 09:19:25.678, 67414408140, vstest.console.dll, TestPluginCache: Discovered the extensions using extension path ''.
TpTrace Verbose: 0 : 25116, 1, 2022/05/12, 09:19:25.678, 67414408555, vstest.console.dll, TestPluginCache: Discoverers are ''.
TpTrace Verbose: 0 : 25116, 1, 2022/05/12, 09:19:25.678, 67414408757, vstest.console.dll, TestPluginCache: Executors are ''.
TpTrace Verbose: 0 : 25116, 1, 2022/05/12, 09:19:25.678, 67414408922, vstest.console.dll, TestPluginCache: Executors2 are ''.
TpTrace Verbose: 0 : 25116, 1, 2022/05/12, 09:19:25.678, 67414409081, vstest.console.dll, TestPluginCache: Setting providers are ''.
TpTrace Verbose: 0 : 25116, 1, 2022/05/12, 09:19:25.678, 67414409240, vstest.console.dll, TestPluginCache: Loggers are ''.
TpTrace Verbose: 0 : 25116, 1, 2022/05/12, 09:19:25.678, 67414410199, vstest.console.dll, TestPluginCache: TestHosts are 'HostProvider://DefaultTestHost,HostProvider://DotnetTestHost'.
TpTrace Verbose: 0 : 25116, 1, 2022/05/12, 09:19:25.678, 67414410448, vstest.console.dll, TestPluginCache: DataCollectors are ''.
TpTrace Information: 0 : 25116, 1, 2022/05/12, 09:19:25.681, 67414437403, vstest.console.dll, RunTestsArgumentProcessor:Execute: Test run is starting.
TpTrace Verbose: 0 : 25116, 1, 2022/05/12, 09:19:25.681, 67414437787, vstest.console.dll, RunTestsArgumentProcessor:Execute: Queuing Test run.
TpTrace Information: 0 : 25116, 1, 2022/05/12, 09:19:25.681, 67414439004, vstest.console.dll, TestRequestManager.RunTests: run tests started.
TpTrace Information: 0 : 25116, 1, 2022/05/12, 09:19:25.682, 67414449716, vstest.console.dll, AssemblyMetadataProvider.GetFrameWork: Determined framework:'.NETCoreApp,Version=v6.0' for source: 'L:\source\repos\CardShow\Test\bin\Debug\net6.0\fine-code-coverage\build-output\CardShow.Test.dll'
TpTrace Information: 0 : 25116, 1, 2022/05/12, 09:19:25.682, 67414450650, vstest.console.dll, Determined framework for all sources: .NETCoreApp,Version=v6.0
TpTrace Verbose: 0 : 25116, 1, 2022/05/12, 09:19:25.682, 67414452388, vstest.console.dll, TestRequestManager.UpdateRunSettingsIfRequired: Default architecture: X64 IsDefaultTargetArchitecture: True, Current process architecture: X64.
TpTrace Information: 0 : 25116, 1, 2022/05/12, 09:19:25.682, 67414454146, vstest.console.dll, AssemblyMetadataProvider.GetArchitecture: Determined architecture:AnyCPU info for assembly: L:\source\repos\CardShow\Test\bin\Debug\net6.0\fine-code-coverage\build-output\CardShow.Test.dll
TpTrace Information: 0 : 25116, 1, 2022/05/12, 09:19:25.682, 67414454452, vstest.console.dll, Determined platform for source 'L:\source\repos\CardShow\Test\bin\Debug\net6.0\fine-code-coverage\build-output\CardShow.Test.dll' is 'AnyCPU'
TpTrace Information: 0 : 25116, 1, 2022/05/12, 09:19:25.683, 67414465547, vstest.console.dll, Determined platform for all sources: X64
TpTrace Information: 0 : 25116, 1, 2022/05/12, 09:19:25.683, 67414465925, vstest.console.dll, Infered platform 'X64'.
TpTrace Information: 0 : 25116, 1, 2022/05/12, 09:19:25.683, 67414466150, vstest.console.dll, Platform update to 'X64' required.
TpTrace Information: 0 : 25116, 1, 2022/05/12, 09:19:25.685, 67414482571, vstest.console.dll, Compatible sources list : 
TpTrace Information: 0 : 25116, 1, 2022/05/12, 09:19:25.685, 67414482990, vstest.console.dll, L:\source\repos\CardShow\Test\bin\Debug\net6.0\fine-code-coverage\build-output\CardShow.Test.dll
TpTrace Information: 0 : 25116, 1, 2022/05/12, 09:19:25.687, 67414498432, vstest.console.dll, InferRunSettingsHelper.IsTestSettingsEnabled: Unable to navigate to RunSettings/MSTest. Current node: RunSettings
TpTrace Information: 0 : 25116, 1, 2022/05/12, 09:19:25.687, 67414502453, vstest.console.dll, AssemblyResolver.OnResolve: Microsoft.VisualStudio.TestPlatform.Fakes: Resolving assembly.
TpTrace Information: 0 : 25116, 1, 2022/05/12, 09:19:25.687, 67414502995, vstest.console.dll, AssemblyResolver.OnResolve: Microsoft.VisualStudio.TestPlatform.Fakes: Searching in: 'C:\Program Files\dotnet\sdk\6.0.300-preview.22204.3\Extensions'.
TpTrace Information: 0 : 25116, 1, 2022/05/12, 09:19:25.687, 67414503601, vstest.console.dll, AssemblyResolver.OnResolve: Microsoft.VisualStudio.TestPlatform.Fakes: Assembly path does not exist: 'C:\Program Files\dotnet\sdk\6.0.300-preview.22204.3\Extensions\Microsoft.VisualStudio.TestPlatform.Fakes.dll', returning.
TpTrace Information: 0 : 25116, 1, 2022/05/12, 09:19:25.687, 67414504061, vstest.console.dll, AssemblyResolver.OnResolve: Microsoft.VisualStudio.TestPlatform.Fakes: Assembly path does not exist: 'C:\Program Files\dotnet\sdk\6.0.300-preview.22204.3\Extensions\Microsoft.VisualStudio.TestPlatform.Fakes.exe', returning.
TpTrace Information: 0 : 25116, 1, 2022/05/12, 09:19:25.687, 67414504273, vstest.console.dll, AssemblyResolver.OnResolve: Microsoft.VisualStudio.TestPlatform.Fakes: Searching in: 'C:\Program Files\dotnet\sdk\6.0.300-preview.22204.3'.
TpTrace Information: 0 : 25116, 1, 2022/05/12, 09:19:25.687, 67414504746, vstest.console.dll, AssemblyResolver.OnResolve: Microsoft.VisualStudio.TestPlatform.Fakes: Assembly path does not exist: 'C:\Program Files\dotnet\sdk\6.0.300-preview.22204.3\Microsoft.VisualStudio.TestPlatform.Fakes.dll', returning.
TpTrace Information: 0 : 25116, 1, 2022/05/12, 09:19:25.687, 67414505142, vstest.console.dll, AssemblyResolver.OnResolve: Microsoft.VisualStudio.TestPlatform.Fakes: Assembly path does not exist: 'C:\Program Files\dotnet\sdk\6.0.300-preview.22204.3\Microsoft.VisualStudio.TestPlatform.Fakes.exe', returning.
TpTrace Information: 0 : 25116, 1, 2022/05/12, 09:19:25.687, 67414505704, vstest.console.dll, AssemblyResolver.OnResolve: Microsoft.VisualStudio.TestPlatform.Fakes: Failed to load assembly.
TpTrace Information: 0 : 25116, 1, 2022/05/12, 09:19:25.688, 67414507614, vstest.console.dll, Failed to load assembly Microsoft.VisualStudio.TestPlatform.Fakes, Version=17.0.0.0, Culture=neutral. Reason:System.IO.FileNotFoundException: Could not load file or assembly 'Microsoft.VisualStudio.TestPlatform.Fakes, Version=17.0.0.0, Culture=neutral, PublicKeyToken=null'. The system cannot find the file specified.
File name: 'Microsoft.VisualStudio.TestPlatform.Fakes, Version=17.0.0.0, Culture=neutral, PublicKeyToken=null'
   at System.Reflection.RuntimeAssembly.InternalLoad(ObjectHandleOnStack assemblyName, ObjectHandleOnStack requestingAssembly, StackCrawlMarkHandle stackMark, Boolean throwOnFileNotFound, ObjectHandleOnStack assemblyLoadContext, ObjectHandleOnStack retAssembly)
   at System.Reflection.RuntimeAssembly.InternalLoad(AssemblyName assemblyName, RuntimeAssembly requestingAssembly, StackCrawlMark& stackMark, Boolean throwOnFileNotFound, AssemblyLoadContext assemblyLoadContext)
   at System.Reflection.Assembly.Load(AssemblyName assemblyRef)
   at Microsoft.VisualStudio.TestPlatform.Common.Utilities.FakesUtilities.LoadTestPlatformAssembly()
TpTrace Verbose: 0 : 25116, 1, 2022/05/12, 09:19:25.690, 67414531963, vstest.console.dll, TestPluginCache.DiscoverTestExtensions: finding test extensions in assemblies ends with: TestLogger.dll TPluginInfo: Microsoft.VisualStudio.TestPlatform.Common.ExtensionFramework.Utilities.TestLoggerPluginInformation TExtension: Microsoft.VisualStudio.TestPlatform.ObjectModel.Client.ITestLogger
TpTrace Verbose: 0 : 25116, 1, 2022/05/12, 09:19:25.690, 67414532512, vstest.console.dll, TestPluginCache.GetExtensionPaths: Filtered extension paths: 
TpTrace Verbose: 0 : 25116, 1, 2022/05/12, 09:19:25.690, 67414532756, vstest.console.dll, TestPluginCache.GetExtensionPaths: Added default extension paths: C:\Program Files\dotnet\sdk\6.0.300-preview.22204.3\Extensions\DumpMinitool.exe
C:\Program Files\dotnet\sdk\6.0.300-preview.22204.3\Extensions\DumpMinitool.x86.exe
C:\Program Files\dotnet\sdk\6.0.300-preview.22204.3\Extensions\Microsoft.Diagnostics.NETCore.Client.dll
C:\Program Files\dotnet\sdk\6.0.300-preview.22204.3\Extensions\Microsoft.TestPlatform.Extensions.BlameDataCollector.dll
C:\Program Files\dotnet\sdk\6.0.300-preview.22204.3\Extensions\Microsoft.TestPlatform.Extensions.EventLogCollector.dll
C:\Program Files\dotnet\sdk\6.0.300-preview.22204.3\Extensions\Microsoft.TestPlatform.TestHostRuntimeProvider.dll
C:\Program Files\dotnet\sdk\6.0.300-preview.22204.3\Extensions\Microsoft.VisualStudio.TestPlatform.Extensions.Html.TestLogger.dll
C:\Program Files\dotnet\sdk\6.0.300-preview.22204.3\Extensions\Microsoft.VisualStudio.TestPlatform.Extensions.Trx.TestLogger.dll
TpTrace Verbose: 0 : 25116, 1, 2022/05/12, 09:19:25.690, 67414533028, vstest.console.dll, TestPluginCache.GetExtensionPaths: Added unfilterableExtensionPaths: 
TpTrace Information: 0 : 25116, 1, 2022/05/12, 09:19:25.690, 67414533913, vstest.console.dll, AssemblyResolver.AddSearchDirectories: Adding more searchDirectories C:\Program Files\dotnet\sdk\6.0.300-preview.22204.3\Extensions,C:\Program Files\dotnet\sdk\6.0.300-preview.22204.3
TpTrace Verbose: 0 : 25116, 1, 2022/05/12, 09:19:25.690, 67414534271, vstest.console.dll, TestPluginCache.DiscoverTestExtensions: Discovering the extensions using extension path.
TpTrace Verbose: 0 : 25116, 1, 2022/05/12, 09:19:25.690, 67414534523, vstest.console.dll, TestPluginCache.GetExtensionPaths: Filtered extension paths: 
TpTrace Verbose: 0 : 25116, 1, 2022/05/12, 09:19:25.690, 67414534721, vstest.console.dll, TestPluginCache.GetExtensionPaths: Added default extension paths: C:\Program Files\dotnet\sdk\6.0.300-preview.22204.3\Extensions\DumpMinitool.exe
C:\Program Files\dotnet\sdk\6.0.300-preview.22204.3\Extensions\DumpMinitool.x86.exe
C:\Program Files\dotnet\sdk\6.0.300-preview.22204.3\Extensions\Microsoft.Diagnostics.NETCore.Client.dll
C:\Program Files\dotnet\sdk\6.0.300-preview.22204.3\Extensions\Microsoft.TestPlatform.Extensions.BlameDataCollector.dll
C:\Program Files\dotnet\sdk\6.0.300-preview.22204.3\Extensions\Microsoft.TestPlatform.Extensions.EventLogCollector.dll
C:\Program Files\dotnet\sdk\6.0.300-preview.22204.3\Extensions\Microsoft.TestPlatform.TestHostRuntimeProvider.dll
C:\Program Files\dotnet\sdk\6.0.300-preview.22204.3\Extensions\Microsoft.VisualStudio.TestPlatform.Extensions.Html.TestLogger.dll
C:\Program Files\dotnet\sdk\6.0.300-preview.22204.3\Extensions\Microsoft.VisualStudio.TestPlatform.Extensions.Trx.TestLogger.dll
TpTrace Verbose: 0 : 25116, 1, 2022/05/12, 09:19:25.690, 67414535282, vstest.console.dll, TestPluginCache.GetExtensionPaths: Added unfilterableExtensionPaths: 
TpTrace Verbose: 0 : 25116, 1, 2022/05/12, 09:19:25.690, 67414535565, vstest.console.dll, TestPluginCache.DiscoverTestExtensions: Discovering the extensions using allExtensionPaths: C:\Program Files\dotnet\sdk\6.0.300-preview.22204.3\Extensions\DumpMinitool.exe
C:\Program Files\dotnet\sdk\6.0.300-preview.22204.3\Extensions\DumpMinitool.x86.exe
C:\Program Files\dotnet\sdk\6.0.300-preview.22204.3\Extensions\Microsoft.Diagnostics.NETCore.Client.dll
C:\Program Files\dotnet\sdk\6.0.300-preview.22204.3\Extensions\Microsoft.TestPlatform.Extensions.BlameDataCollector.dll
C:\Program Files\dotnet\sdk\6.0.300-preview.22204.3\Extensions\Microsoft.TestPlatform.Extensions.EventLogCollector.dll
C:\Program Files\dotnet\sdk\6.0.300-preview.22204.3\Extensions\Microsoft.TestPlatform.TestHostRuntimeProvider.dll
C:\Program Files\dotnet\sdk\6.0.300-preview.22204.3\Extensions\Microsoft.VisualStudio.TestPlatform.Extensions.Html.TestLogger.dll
C:\Program Files\dotnet\sdk\6.0.300-preview.22204.3\Extensions\Microsoft.VisualStudio.TestPlatform.Extensions.Trx.TestLogger.dll
TpTrace Information: 0 : 25116, 1, 2022/05/12, 09:19:25.690, 67414535890, vstest.console.dll, AssemblyResolver.AddSearchDirectories: Adding more searchDirectories C:\Program Files\dotnet\sdk\6.0.300-preview.22204.3\Extensions,C:\Program Files\dotnet\sdk\6.0.300-preview.22204.3
TpTrace Information: 0 : 25116, 1, 2022/05/12, 09:19:25.690, 67414536152, vstest.console.dll, AssemblyResolver.AddSearchDirectories: Adding more searchDirectories C:\Program Files\dotnet\sdk\6.0.300-preview.22204.3\Extensions,C:\Program Files\dotnet\sdk\6.0.300-preview.22204.3
TpTrace Information: 0 : 25116, 1, 2022/05/12, 09:19:25.690, 67414536361, vstest.console.dll, AssemblyResolver.AddSearchDirectories: Adding more searchDirectories C:\Program Files\dotnet\sdk\6.0.300-preview.22204.3\Extensions,C:\Program Files\dotnet\sdk\6.0.300-preview.22204.3
TpTrace Information: 0 : 25116, 1, 2022/05/12, 09:19:25.690, 67414536554, vstest.console.dll, AssemblyResolver.AddSearchDirectories: Adding more searchDirectories C:\Program Files\dotnet\sdk\6.0.300-preview.22204.3\Extensions,C:\Program Files\dotnet\sdk\6.0.300-preview.22204.3
TpTrace Information: 0 : 25116, 1, 2022/05/12, 09:19:25.690, 67414536777, vstest.console.dll, AssemblyResolver.AddSearchDirectories: Adding more searchDirectories C:\Program Files\dotnet\sdk\6.0.300-preview.22204.3\Extensions,C:\Program Files\dotnet\sdk\6.0.300-preview.22204.3
TpTrace Information: 0 : 25116, 1, 2022/05/12, 09:19:25.690, 67414536970, vstest.console.dll, AssemblyResolver.AddSearchDirectories: Adding more searchDirectories C:\Program Files\dotnet\sdk\6.0.300-preview.22204.3\Extensions,C:\Program Files\dotnet\sdk\6.0.300-preview.22204.3
TpTrace Information: 0 : 25116, 1, 2022/05/12, 09:19:25.691, 67414537162, vstest.console.dll, AssemblyResolver.AddSearchDirectories: Adding more searchDirectories C:\Program Files\dotnet\sdk\6.0.300-preview.22204.3\Extensions,C:\Program Files\dotnet\sdk\6.0.300-preview.22204.3
TpTrace Information: 0 : 25116, 1, 2022/05/12, 09:19:25.691, 67414537385, vstest.console.dll, AssemblyResolver.AddSearchDirectories: Adding more searchDirectories C:\Program Files\dotnet\sdk\6.0.300-preview.22204.3\Extensions,C:\Program Files\dotnet\sdk\6.0.300-preview.22204.3
TpTrace Verbose: 0 : 25116, 1, 2022/05/12, 09:19:25.691, 67414538437, vstest.console.dll, MetadataReaderExtensionsHelper: Discovering extensions inside assembly 'DumpMinitool, Version=15.0.0.0, Culture=neutral, PublicKeyToken=b03f5f7f11d50a3a' file path 'C:\Program Files\dotnet\sdk\6.0.300-preview.22204.3\Extensions\DumpMinitool.exe'
TpTrace Verbose: 0 : 25116, 1, 2022/05/12, 09:19:25.691, 67414542587, vstest.console.dll, MetadataReaderExtensionsHelper: Discovering extensions inside assembly 'DumpMinitool.x86, Version=15.0.0.0, Culture=neutral, PublicKeyToken=b03f5f7f11d50a3a' file path 'C:\Program Files\dotnet\sdk\6.0.300-preview.22204.3\Extensions\DumpMinitool.x86.exe'
TpTrace Verbose: 0 : 25116, 1, 2022/05/12, 09:19:25.691, 67414545312, vstest.console.dll, MetadataReaderExtensionsHelper: Discovering extensions inside assembly 'Microsoft.Diagnostics.NETCore.Client, Version=0.2.5.801, Culture=neutral, PublicKeyToken=31bf3856ad364e35' file path 'C:\Program Files\dotnet\sdk\6.0.300-preview.22204.3\Extensions\Microsoft.Diagnostics.NETCore.Client.dll'
TpTrace Information: 0 : 25116, 1, 2022/05/12, 09:19:25.692, 67414548967, vstest.console.dll, AssemblyResolver.OnResolve: Microsoft.Bcl.AsyncInterfaces: Resolving assembly.
TpTrace Information: 0 : 25116, 1, 2022/05/12, 09:19:25.692, 67414549305, vstest.console.dll, AssemblyResolver.OnResolve: Microsoft.Bcl.AsyncInterfaces: Resolved from cache.
TpTrace Verbose: 0 : 25116, 1, 2022/05/12, 09:19:25.692, 67414549567, vstest.console.dll, CurrentDomainAssemblyResolve: Resolving assembly 'Microsoft.Bcl.AsyncInterfaces'.
TpTrace Information: 0 : 25116, 1, 2022/05/12, 09:19:25.692, 67414549887, vstest.console.dll, AssemblyResolver.OnResolve: Microsoft.Bcl.AsyncInterfaces: Resolving assembly.
TpTrace Information: 0 : 25116, 1, 2022/05/12, 09:19:25.692, 67414550080, vstest.console.dll, AssemblyResolver.OnResolve: Microsoft.Bcl.AsyncInterfaces: Resolved from cache.
TpTrace Verbose: 0 : 25116, 1, 2022/05/12, 09:19:25.692, 67414550266, vstest.console.dll, CurrentDomainAssemblyResolve: Resolving assembly 'Microsoft.Bcl.AsyncInterfaces'.
TpTrace Verbose: 0 : 25116, 1, 2022/05/12, 09:19:25.692, 67414550432, vstest.console.dll, CurrentDomainAssemblyResolve: Failed to resolve assembly 'Microsoft.Bcl.AsyncInterfaces'.
TpTrace Verbose: 0 : 25116, 1, 2022/05/12, 09:19:25.692, 67414551434, vstest.console.dll, CurrentDomainAssemblyResolve: Failed to resolve assembly 'Microsoft.Bcl.AsyncInterfaces'.
TpTrace Warning: 0 : 25116, 1, 2022/05/12, 09:19:25.692, 67414553730, vstest.console.dll, TestPluginDiscoverer: Failed to get types from assembly 'Microsoft.Diagnostics.NETCore.Client, Version=0.2.5.801, Culture=neutral, PublicKeyToken=31bf3856ad364e35'. Error: System.Reflection.ReflectionTypeLoadException: Unable to load one or more of the requested types.
Could not load file or assembly 'Microsoft.Bcl.AsyncInterfaces, Version=1.0.0.0, Culture=neutral, PublicKeyToken=cc7b13ffcd2ddd51'. The system cannot find the file specified.
   at System.Reflection.RuntimeModule.GetTypes(RuntimeModule module)
   at System.Reflection.Assembly.GetTypes()
   at Microsoft.VisualStudio.TestPlatform.Common.ExtensionFramework.TestPluginDiscoverer.GetTestExtensionsFromAssembly[TPluginInfo,TExtension](Assembly assembly, Dictionary`2 pluginInfos, String filePath)
System.IO.FileNotFoundException: Could not load file or assembly 'Microsoft.Bcl.AsyncInterfaces, Version=1.0.0.0, Culture=neutral, PublicKeyToken=cc7b13ffcd2ddd51'. The system cannot find the file specified.
File name: 'Microsoft.Bcl.AsyncInterfaces, Version=1.0.0.0, Culture=neutral, PublicKeyToken=cc7b13ffcd2ddd51'
 ---> System.IO.FileNotFoundException: Could not load file or assembly 'Microsoft.Bcl.AsyncInterfaces, Culture=neutral, PublicKeyToken=null'. The system cannot find the file specified.
File name: 'Microsoft.Bcl.AsyncInterfaces, Culture=neutral, PublicKeyToken=null'
   at System.Reflection.RuntimeAssembly.InternalLoad(ObjectHandleOnStack assemblyName, ObjectHandleOnStack requestingAssembly, StackCrawlMarkHandle stackMark, Boolean throwOnFileNotFound, ObjectHandleOnStack assemblyLoadContext, ObjectHandleOnStack retAssembly)
   at System.Reflection.RuntimeAssembly.InternalLoad(AssemblyName assemblyName, RuntimeAssembly requestingAssembly, StackCrawlMark& stackMark, Boolean throwOnFileNotFound, AssemblyLoadContext assemblyLoadContext)
   at System.Reflection.Assembly.Load(AssemblyName assemblyRef)
   at Microsoft.VisualStudio.TestPlatform.Common.ExtensionFramework.TestPluginCache.CurrentDomainAssemblyResolve(Object sender, AssemblyResolveEventArgs args)
   at Microsoft.VisualStudio.TestPlatform.PlatformAbstractions.PlatformAssemblyResolver.AssemblyResolverEvent(Object sender, Object eventArgs)
   at System.Runtime.Loader.AssemblyLoadContext.GetFirstResolvedAssemblyFromResolvingEvent(AssemblyName assemblyName)
   at System.Runtime.Loader.AssemblyLoadContext.ResolveUsingEvent(AssemblyName assemblyName)
   at System.Runtime.Loader.AssemblyLoadContext.ResolveUsingResolvingEvent(IntPtr gchManagedAssemblyLoadContext, AssemblyName assemblyName)
TpTrace Warning: 0 : 25116, 1, 2022/05/12, 09:19:25.692, 67414555345, vstest.console.dll, TestPluginDiscoverer: Failed to load extensions from file 'C:\Program Files\dotnet\sdk\6.0.300-preview.22204.3\Extensions\Microsoft.Diagnostics.NETCore.Client.dll'.  Skipping test extension scan for this file.  Error: System.ArgumentNullException: Value cannot be null. (Parameter 'type')
   at System.Reflection.IntrospectionExtensions.GetTypeInfo(Type type)
   at Microsoft.VisualStudio.TestPlatform.Common.ExtensionFramework.TestPluginDiscoverer.<>c__6`2.<GetTestExtensionsFromAssembly>b__6_1(Type type)
   at System.Linq.Enumerable.WhereArrayIterator`1.MoveNext()
   at System.Collections.Generic.List`1.InsertRange(Int32 index, IEnumerable`1 collection)
   at System.Collections.Generic.List`1.AddRange(IEnumerable`1 collection)
   at Microsoft.VisualStudio.TestPlatform.Common.ExtensionFramework.TestPluginDiscoverer.GetTestExtensionsFromAssembly[TPluginInfo,TExtension](Assembly assembly, Dictionary`2 pluginInfos, String filePath)
   at Microsoft.VisualStudio.TestPlatform.Common.ExtensionFramework.TestPluginDiscoverer.GetTestExtensionsFromFiles[TPluginInfo,TExtension](String[] files, Dictionary`2 pluginInfos)
TpTrace Verbose: 0 : 25116, 1, 2022/05/12, 09:19:25.692, 67414555815, vstest.console.dll, MetadataReaderExtensionsHelper: Discovering extensions inside assembly 'Microsoft.TestPlatform.Extensions.BlameDataCollector, Version=15.0.0.0, Culture=neutral, PublicKeyToken=b03f5f7f11d50a3a' file path 'C:\Program Files\dotnet\sdk\6.0.300-preview.22204.3\Extensions\Microsoft.TestPlatform.Extensions.BlameDataCollector.dll'
TpTrace Information: 0 : 25116, 1, 2022/05/12, 09:19:25.693, 67414559548, vstest.console.dll, GetTestExtensionFromType: Register extension with identifier data 'logger://Microsoft/TestPlatform/Extensions/Blame/v1' and type 'Microsoft.TestPlatform.Extensions.BlameDataCollector.BlameLogger, Microsoft.TestPlatform.Extensions.BlameDataCollector, Version=15.0.0.0, Culture=neutral, PublicKeyToken=b03f5f7f11d50a3a' inside file 'C:\Program Files\dotnet\sdk\6.0.300-preview.22204.3\Extensions\Microsoft.TestPlatform.Extensions.BlameDataCollector.dll'
TpTrace Verbose: 0 : 25116, 1, 2022/05/12, 09:19:25.693, 67414559967, vstest.console.dll, MetadataReaderExtensionsHelper: Discovering extensions inside assembly 'Microsoft.TestPlatform.Extensions.EventLogCollector, Version=15.0.0.0, Culture=neutral, PublicKeyToken=b03f5f7f11d50a3a' file path 'C:\Program Files\dotnet\sdk\6.0.300-preview.22204.3\Extensions\Microsoft.TestPlatform.Extensions.EventLogCollector.dll'
TpTrace Verbose: 0 : 25116, 1, 2022/05/12, 09:19:25.693, 67414563132, vstest.console.dll, MetadataReaderExtensionsHelper: Discovering extensions inside assembly 'Microsoft.TestPlatform.TestHostRuntimeProvider, Version=15.0.0.0, Culture=neutral, PublicKeyToken=b03f5f7f11d50a3a' file path 'C:\Program Files\dotnet\sdk\6.0.300-preview.22204.3\Extensions\Microsoft.TestPlatform.TestHostRuntimeProvider.dll'
TpTrace Verbose: 0 : 25116, 1, 2022/05/12, 09:19:25.693, 67414566628, vstest.console.dll, MetadataReaderExtensionsHelper: Discovering extensions inside assembly 'Microsoft.VisualStudio.TestPlatform.Extensions.Html.TestLogger, Version=15.0.0.0, Culture=neutral, PublicKeyToken=b03f5f7f11d50a3a' file path 'C:\Program Files\dotnet\sdk\6.0.300-preview.22204.3\Extensions\Microsoft.VisualStudio.TestPlatform.Extensions.Html.TestLogger.dll'
TpTrace Information: 0 : 25116, 1, 2022/05/12, 09:19:25.694, 67414569661, vstest.console.dll, GetTestExtensionFromType: Register extension with identifier data 'logger://Microsoft/TestPlatform/HtmlLogger/v1' and type 'Microsoft.VisualStudio.TestPlatform.Extensions.HtmlLogger.HtmlLogger, Microsoft.VisualStudio.TestPlatform.Extensions.Html.TestLogger, Version=15.0.0.0, Culture=neutral, PublicKeyToken=b03f5f7f11d50a3a' inside file 'C:\Program Files\dotnet\sdk\6.0.300-preview.22204.3\Extensions\Microsoft.VisualStudio.TestPlatform.Extensions.Html.TestLogger.dll'
TpTrace Verbose: 0 : 25116, 1, 2022/05/12, 09:19:25.694, 67414570136, vstest.console.dll, MetadataReaderExtensionsHelper: Discovering extensions inside assembly 'Microsoft.VisualStudio.TestPlatform.Extensions.Trx.TestLogger, Version=15.0.0.0, Culture=neutral, PublicKeyToken=b03f5f7f11d50a3a' file path 'C:\Program Files\dotnet\sdk\6.0.300-preview.22204.3\Extensions\Microsoft.VisualStudio.TestPlatform.Extensions.Trx.TestLogger.dll'
TpTrace Information: 0 : 25116, 1, 2022/05/12, 09:19:25.694, 67414573293, vstest.console.dll, GetTestExtensionFromType: Register extension with identifier data 'logger://Microsoft/TestPlatform/TrxLogger/v1' and type 'Microsoft.VisualStudio.TestPlatform.Extensions.TrxLogger.TrxLogger, Microsoft.VisualStudio.TestPlatform.Extensions.Trx.TestLogger, Version=15.0.0.0, Culture=neutral, PublicKeyToken=b03f5f7f11d50a3a' inside file 'C:\Program Files\dotnet\sdk\6.0.300-preview.22204.3\Extensions\Microsoft.VisualStudio.TestPlatform.Extensions.Trx.TestLogger.dll'
TpTrace Verbose: 0 : 25116, 1, 2022/05/12, 09:19:25.694, 67414573774, vstest.console.dll, TestPluginCache: Discovered the extensions using extension path ''.
TpTrace Verbose: 0 : 25116, 1, 2022/05/12, 09:19:25.694, 67414574005, vstest.console.dll, TestPluginCache: Discoverers are ''.
TpTrace Verbose: 0 : 25116, 1, 2022/05/12, 09:19:25.694, 67414574181, vstest.console.dll, TestPluginCache: Executors are ''.
TpTrace Verbose: 0 : 25116, 1, 2022/05/12, 09:19:25.694, 67414574344, vstest.console.dll, TestPluginCache: Executors2 are ''.
TpTrace Verbose: 0 : 25116, 1, 2022/05/12, 09:19:25.694, 67414574504, vstest.console.dll, TestPluginCache: Setting providers are ''.
TpTrace Verbose: 0 : 25116, 1, 2022/05/12, 09:19:25.694, 67414574991, vstest.console.dll, TestPluginCache: Loggers are 'logger://Microsoft/TestPlatform/Extensions/Blame/v1,logger://Microsoft/TestPlatform/HtmlLogger/v1,logger://Microsoft/TestPlatform/TrxLogger/v1'.
TpTrace Verbose: 0 : 25116, 1, 2022/05/12, 09:19:25.694, 67414575323, vstest.console.dll, TestPluginCache: TestHosts are 'HostProvider://DefaultTestHost,HostProvider://DotnetTestHost'.
TpTrace Verbose: 0 : 25116, 1, 2022/05/12, 09:19:25.694, 67414575516, vstest.console.dll, TestPluginCache: DataCollectors are ''.
TpTrace Information: 0 : 25116, 1, 2022/05/12, 09:19:25.695, 67414579893, vstest.console.dll, TestPluginManager.CreateTestExtension: Attempting to load test extension: Microsoft.TestPlatform.Extensions.BlameDataCollector.BlameLogger
TpTrace Information: 0 : 25116, 1, 2022/05/12, 09:19:25.698, 67414611171, vstest.console.dll, TestPluginManager.CreateTestExtension: Attempting to load test extension: Microsoft.VisualStudio.TestPlatform.CrossPlatEngine.Hosting.DefaultTestHostManager
TpTrace Information: 0 : 25116, 1, 2022/05/12, 09:19:25.699, 67414617469, vstest.console.dll, TestPluginManager.CreateTestExtension: Attempting to load test extension: Microsoft.VisualStudio.TestPlatform.CrossPlatEngine.Hosting.DotnetTestHostManager
TpTrace Verbose: 0 : 25116, 1, 2022/05/12, 09:19:25.699, 67414621545, vstest.console.dll, TestEngine: Initializing Parallel Execution as MaxCpuCount is set to: 1
TpTrace Information: 0 : 25116, 1, 2022/05/12, 09:19:25.699, 67414625101, vstest.console.dll, InferRunSettingsHelper.IsTestSettingsEnabled: Unable to navigate to RunSettings/MSTest. Current node: RunSettings
TpTrace Verbose: 0 : 25116, 1, 2022/05/12, 09:19:25.707, 67414702204, vstest.console.dll, TestRequestSender is acting as server
TpTrace Verbose: 0 : 25116, 1, 2022/05/12, 09:19:25.708, 67414709050, vstest.console.dll, TestEngine.GetExecutionManager: Chosen execution manager 'Microsoft.VisualStudio.TestPlatform.CrossPlatEngine.Client.Parallel.ParallelProxyExecutionManager, Microsoft.TestPlatform.CrossPlatEngine, Version=15.0.0.0, Culture=neutral, PublicKeyToken=b03f5f7f11d50a3a' ParallelLevel '1' Shared host 'False'
TpTrace Verbose: 0 : 25116, 5, 2022/05/12, 09:19:25.709, 67414726980, vstest.console.dll, DataCollectionRequestSender.InitializeCommunication : Initialize communication. 
TpTrace Information: 0 : 25116, 5, 2022/05/12, 09:19:25.713, 67414762143, vstest.console.dll, Listening on Endpoint : 127.0.0.1:57844
TpTrace Verbose: 0 : 25116, 5, 2022/05/12, 09:19:25.720, 67414829211, vstest.console.dll, DotnetDataCollectionLauncher: Full path of dotnet.exe is C:\Program Files\dotnet\dotnet.exe
TpTrace Verbose: 0 : 25116, 5, 2022/05/12, 09:19:25.720, 67414830364, vstest.console.dll, DotnetDataCollectionLauncher: Adding  --runtimeconfig "C:\Program Files\dotnet\sdk\6.0.300-preview.22204.3\datacollector.runtimeconfig.json" in args
TpTrace Verbose: 0 : 25116, 5, 2022/05/12, 09:19:25.720, 67414830965, vstest.console.dll, DotnetDataCollectionLauncher: Adding  --depsfile "C:\Program Files\dotnet\sdk\6.0.300-preview.22204.3\datacollector.deps.json" in args
TpTrace Information: 0 : 25116, 5, 2022/05/12, 09:19:25.725, 67414878008, vstest.console.dll, ProxyDataCollectionManager.Initialize: Launched datacollector processId: 4620 port: 57844
TpTrace Information: 0 : 25116, 5, 2022/05/12, 09:19:25.725, 67414878858, vstest.console.dll, ProxyDataCollectionManager.Initialize: waiting for connection with timeout: 90 seconds
TpTrace Verbose: 0 : 25116, 5, 2022/05/12, 09:19:25.725, 67414879225, vstest.console.dll, DataCollectionRequestSender.WaitForRequestHandlerConnection : Waiting for connection with timeout: 90000
TpTrace Information: 0 : 25116, 8, 2022/05/12, 09:19:25.806, 67415691483, vstest.console.dll, Using the buffer size of 16384 bytes
TpTrace Verbose: 0 : 25116, 5, 2022/05/12, 09:19:25.806, 67415691897, vstest.console.dll, SocketCommunicationManager.WaitForClientConnection took: 81 ms, with 90000 ms timeout, and finished with True.
TpTrace Information: 0 : 25116, 8, 2022/05/12, 09:19:25.806, 67415692129, vstest.console.dll, Accepted Client request and set the flag
TpTrace Verbose: 0 : 25116, 5, 2022/05/12, 09:19:25.806, 67415693016, vstest.console.dll, ProxyDataCollectionManager.InvokeDataCollectionServiceAction: Starting.
TpTrace Information: 0 : 25116, 5, 2022/05/12, 09:19:25.806, 67415693552, vstest.console.dll, ProxyDataCollectionManager.BeforeTestRunStart: Get environment variable and port for datacollector processId: 4620 port: 57844
TpTrace Verbose: 0 : 25116, 5, 2022/05/12, 09:19:25.806, 67415694446, vstest.console.dll, DataCollectionRequestSender.SendBeforeTestRunStartAndGetResult : Send BeforeTestRunStart message with settingsXml <RunSettings><RunConfiguration><ResultsDirectory>L:\source\repos\CardShow\Test\bin\Debug\net6.0\fine-code-coverage\coverage-tool-output</ResultsDirectory><TargetPlatform>X64</TargetPlatform><TargetFrameworkVersion>.NETCoreApp,Version=v6.0</TargetFrameworkVersion><DesignMode>False</DesignMode><CollectSourceInformation>False</CollectSourceInformation><TestAdaptersPaths>C:\Program Files\dotnet\sdk\6.0.300-preview.22204.3\Extensions</TestAdaptersPaths></RunConfiguration><LoggerRunSettings><Loggers><Logger friendlyName="blame" enabled="True" /><Logger friendlyName="Console" uri="logger://microsoft/TestPlatform/ConsoleLogger/v1" assemblyQualifiedName="Microsoft.VisualStudio.TestPlatform.CommandLine.Internal.ConsoleLogger, vstest.console, Version=15.0.0.0, Culture=neutral, PublicKeyToken=b03f5f7f11d50a3a" codeBase="C:\Program Files\dotnet\sdk\6.0.300-preview.22204.3\vstest.console.dll" enabled="True" /></Loggers></LoggerRunSettings><DataCollectionRunSettings><DataCollectors><DataCollector friendlyName="blame" enabled="True"><Configuration><ResultsDirectory>L:\source\repos\CardShow\Test\bin\Debug\net6.0\fine-code-coverage\coverage-tool-output</ResultsDirectory></Configuration></DataCollector></DataCollectors></DataCollectionRunSettings></RunSettings> and sources System.Linq.Enumerable+Concat2Iterator`1[System.String]: 
TpTrace Verbose: 0 : 25116, 5, 2022/05/12, 09:19:25.847, 67416104606, vstest.console.dll, DataCollectionRequestSender.SendBeforeTestRunStartAndGetResult : Received message: (DataCollection.SendMessage) -> {
  "FriendlyName": null,
  "Uri": null,
  "TestCaseId": "00000000-0000-0000-0000-000000000000",
  "Message": "Logging DataCollector Diagnostics in file: L:\\source\\repos\\CardShow\\Test\\bin\\Debug\\net6.0\\fine-code-coverage\\coverage-tool-output\\diagnostics.datacollector.22-05-12_09-19-25_71764_5.log",
  "Level": 0
}
TpTrace Verbose: 0 : 25116, 5, 2022/05/12, 09:19:25.897, 67416601679, vstest.console.dll, DataCollectionRequestSender.SendBeforeTestRunStartAndGetResult : Received message: (DataCollection.BeforeTestRunStartResult) -> {
  "EnvironmentVariables": {},
  "DataCollectionEventsPort": 57849
}
TpTrace Information: 0 : 25116, 5, 2022/05/12, 09:19:25.900, 67416635781, vstest.console.dll, ProxyDataCollectionManager.BeforeTestRunStart: SendBeforeTestRunStartAndGetResult successful, env variable from datacollector:   and testhost port: 57849
TpTrace Information: 0 : 25116, 5, 2022/05/12, 09:19:25.900, 67416636223, vstest.console.dll, ProxyDataCollectionManager.InvokeDataCollectionServiceAction: Completed.
TpTrace Verbose: 0 : 25116, 1, 2022/05/12, 09:19:25.901, 67416637426, vstest.console.dll, TestRunRequest.ExecuteAsync: Creating test run request.
TpTrace Verbose: 0 : 25116, 1, 2022/05/12, 09:19:25.901, 67416639307, vstest.console.dll, TestRunRequest.ExecuteAsync: Starting.
TpTrace Information: 0 : 25116, 1, 2022/05/12, 09:19:25.901, 67416641549, vstest.console.dll, TestRunRequest.ExecuteAsync: Starting run with settings:TestRunCriteria:
   KeepAlive=False,FrequencyOfRunStatsChangeEvent=10,RunStatsChangeEventTimeout=00:00:01.5000000,TestCaseFilter=,TestExecutorLauncher=
   Settingsxml=<RunSettings>
  <RunConfiguration>
    <ResultsDirectory>L:\source\repos\CardShow\Test\bin\Debug\net6.0\fine-code-coverage\coverage-tool-output</ResultsDirectory>
    <TargetPlatform>X64</TargetPlatform>
    <TargetFrameworkVersion>.NETCoreApp,Version=v6.0</TargetFrameworkVersion>
    <DesignMode>False</DesignMode>
    <CollectSourceInformation>False</CollectSourceInformation>
  </RunConfiguration>
  <LoggerRunSettings>
    <Loggers>
      <Logger friendlyName="blame" enabled="True" />
      <Logger friendlyName="Console" uri="logger://microsoft/TestPlatform/ConsoleLogger/v1" assemblyQualifiedName="Microsoft.VisualStudio.TestPlatform.CommandLine.Internal.ConsoleLogger, vstest.console, Version=15.0.0.0, Culture=neutral, PublicKeyToken=b03f5f7f11d50a3a" codeBase="C:\Program Files\dotnet\sdk\6.0.300-preview.22204.3\vstest.console.dll" enabled="True" />
    </Loggers>
  </LoggerRunSettings>
  <DataCollectionRunSettings>
    <DataCollectors>
      <DataCollector friendlyName="blame" enabled="True">
        <Configuration>
          <ResultsDirectory>L:\source\repos\CardShow\Test\bin\Debug\net6.0\fine-code-coverage\coverage-tool-output</ResultsDirectory>
        </Configuration>
      </DataCollector>
    </DataCollectors>
  </DataCollectionRunSettings>
</RunSettings>

TpTrace Verbose: 0 : 25116, 1, 2022/05/12, 09:19:25.901, 67416641893, vstest.console.dll, TestRunRequest.ExecuteAsync: Wait for the first run request is over.
TpTrace Verbose: 0 : 25116, 1, 2022/05/12, 09:19:25.901, 67416643791, vstest.console.dll, MulticastDelegateUtilities.SafeInvoke: TestRun.TestRunStart: Invoking callbacks was skipped because there are no subscribers.
TpTrace Verbose: 0 : 25116, 1, 2022/05/12, 09:19:25.901, 67416645036, vstest.console.dll, ParallelProxyExecutionManager: Start execution. Total sources: 1
TpTrace Verbose: 0 : 25116, 4, 2022/05/12, 09:19:25.901, 67416645060, vstest.console.dll, MulticastDelegateUtilities.SafeInvoke: InternalTestLoggerEvents.SendTestRunStart: Invoking callback 1/1 for Microsoft.VisualStudio.TestPlatform.CommandLine.Internal.ConsoleLogger.TestRunStartHandler, took 0 ms.
TpTrace Information: 0 : 25116, 1, 2022/05/12, 09:19:25.902, 67416649077, vstest.console.dll, ProxyParallelExecutionManager: Triggering test run for next source: L:\source\repos\CardShow\Test\bin\Debug\net6.0\fine-code-coverage\build-output\CardShow.Test.dll
TpTrace Verbose: 0 : 25116, 5, 2022/05/12, 09:19:25.902, 67416650062, vstest.console.dll, ParallelProxyExecutionManager: Execution started. Started clients: 1
TpTrace Verbose: 0 : 25116, 1, 2022/05/12, 09:19:25.902, 67416650251, vstest.console.dll, ProxyParallelExecutionManager: No sources available for execution.
TpTrace Information: 0 : 25116, 1, 2022/05/12, 09:19:25.902, 67416650665, vstest.console.dll, TestRunRequest.ExecuteAsync: Started.
TpTrace Verbose: 0 : 25116, 1, 2022/05/12, 09:19:25.902, 67416651078, vstest.console.dll, TestRunRequest.WaitForCompletion: Waiting with timeout -1.
TpTrace Verbose: 0 : 25116, 5, 2022/05/12, 09:19:25.902, 67416651793, vstest.console.dll, TestRunRequest:SendTestRunMessage: Starting.
TpTrace Verbose: 0 : 25116, 5, 2022/05/12, 09:19:25.902, 67416652619, vstest.console.dll, MulticastDelegateUtilities.SafeInvoke: TestRun.LogMessages: Invoking callback 1/1 for Microsoft.VisualStudio.TestPlatform.CommandLine.TestRunResultAggregator.TestRunMessageHandler, took 0 ms.
TpTrace Information: 0 : 25116, 5, 2022/05/12, 09:19:25.902, 67416652880, vstest.console.dll, TestRunRequest:SendTestRunMessage: Completed.
TpTrace Verbose: 0 : 25116, 4, 2022/05/12, 09:19:25.902, 67416653081, vstest.console.dll, MulticastDelegateUtilities.SafeInvoke: InternalTestLoggerEvents.SendTestRunMessage: Invoking callback 1/1 for Microsoft.VisualStudio.TestPlatform.CommandLine.Internal.ConsoleLogger.TestMessageHandler, took 0 ms.
TpTrace Verbose: 0 : 25116, 5, 2022/05/12, 09:19:25.902, 67416654179, vstest.console.dll, ProxyExecutionManager: Test host is always Lazy initialize.
TpTrace Verbose: 0 : 25116, 5, 2022/05/12, 09:19:25.902, 67416655489, vstest.console.dll, TestRequestSender.InitializeCommunication: initialize communication. 
TpTrace Information: 0 : 25116, 5, 2022/05/12, 09:19:25.903, 67416659007, vstest.console.dll, SocketServer.Start: Listening on endpoint : 127.0.0.1:57850
TpTrace Verbose: 0 : 25116, 5, 2022/05/12, 09:19:25.903, 67416663109, vstest.console.dll, DotnetTestHostmanager.GetTestHostProcessStartInfo: Platform environment 'X64' target architecture 'X64' framework '.NETCoreApp,Version=v6.0' OS 'Windows'
TpTrace Verbose: 0 : 25116, 5, 2022/05/12, 09:19:25.903, 67416664048, vstest.console.dll, DotnetTestHostmanager: Adding  --runtimeconfig "L:\source\repos\CardShow\Test\bin\Debug\net6.0\fine-code-coverage\build-output\CardShow.Test.runtimeconfig.json" in args
TpTrace Verbose: 0 : 25116, 5, 2022/05/12, 09:19:25.903, 67416664427, vstest.console.dll, DotnetTestHostmanager: Adding  --depsfile "L:\source\repos\CardShow\Test\bin\Debug\net6.0\fine-code-coverage\build-output\CardShow.Test.deps.json" in args
TpTrace Verbose: 0 : 25116, 5, 2022/05/12, 09:19:25.904, 67416676021, vstest.console.dll, DotnetTestHostmanager.IsWinOnArm: Current PROCESSOR_ARCHITECTURE from registry 'AMD64'
TpTrace Verbose: 0 : 25116, 5, 2022/05/12, 09:19:25.904, 67416676727, vstest.console.dll, DotnetTestHostmanager.IsWinOnArm: Is Windows on ARM 'False'
TpTrace Verbose: 0 : 25116, 5, 2022/05/12, 09:19:25.905, 67416677169, vstest.console.dll, DotnetTestHostManager: testhost.exe found at path: L:\source\repos\CardShow\Test\bin\Debug\net6.0\fine-code-coverage\build-output\testhost.exe
TpTrace Verbose: 0 : 25116, 5, 2022/05/12, 09:19:25.905, 67416677441, vstest.console.dll, DotnetTestHostmanager: Full path of host exe is L:\source\repos\CardShow\Test\bin\Debug\net6.0\fine-code-coverage\build-output\testhost.exe
TpTrace Verbose: 0 : 25116, 5, 2022/05/12, 09:19:25.905, 67416678299, vstest.console.dll, DotnetTestHostmanager.LaunchTestHostAsync: Found 'VSTEST_WINAPPHOST_DOTNET_ROOT' in env variables, value 'C:\Program Files\dotnet', forwarding to 'DOTNET_ROOT'
TpTrace Verbose: 0 : 25116, 7, 2022/05/12, 09:19:25.905, 67416683446, vstest.console.dll, DotnetTestHostManager: Starting process 'L:\source\repos\CardShow\Test\bin\Debug\net6.0\fine-code-coverage\build-output\testhost.exe' with command line ' --runtimeconfig "L:\source\repos\CardShow\Test\bin\Debug\net6.0\fine-code-coverage\build-output\CardShow.Test.runtimeconfig.json" --depsfile "L:\source\repos\CardShow\Test\bin\Debug\net6.0\fine-code-coverage\build-output\CardShow.Test.deps.json" --port 57850 --endpoint 127.0.0.1:057850 --role client --parentprocessid 25116 --diag "L:\source\repos\CardShow\Test\bin\Debug\net6.0\fine-code-coverage\coverage-tool-output\diagnostics.host.22-05-12_09-19-25_90340_5.log" --tracelevel 4 --datacollectionport 57849 --telemetryoptedin false'
TpTrace Verbose: 0 : 25116, 7, 2022/05/12, 09:19:25.909, 67416718031, vstest.console.dll, MulticastDelegateUtilities.SafeInvoke: HostProviderEvents.OnHostLaunched: Invoking callback 1/2 for Microsoft.VisualStudio.TestPlatform.CrossPlatEngine.Client.ProxyExecutionManagerWithDataCollection.TestHostLaunchedHandler, took 0 ms.
TpTrace Verbose: 0 : 25116, 7, 2022/05/12, 09:19:25.909, 67416718490, vstest.console.dll, Test Runtime launched
TpTrace Verbose: 0 : 25116, 7, 2022/05/12, 09:19:25.909, 67416718776, vstest.console.dll, MulticastDelegateUtilities.SafeInvoke: HostProviderEvents.OnHostLaunched: Invoking callback 2/2 for Microsoft.VisualStudio.TestPlatform.CrossPlatEngine.Client.ProxyOperationManager.TestHostManagerHostLaunched, took 0 ms.
TpTrace Verbose: 0 : 25116, 5, 2022/05/12, 09:19:25.909, 67416722013, vstest.console.dll, TestRequestSender.WaitForRequestHandlerConnection: waiting for connection with timeout: 90000.
TpTrace Verbose: 0 : 25116, 7, 2022/05/12, 09:19:26.008, 67417715178, vstest.console.dll, MulticastDelegateUtilities.SafeInvoke: SocketServer: ClientConnected: Invoking callback 1/1 for Microsoft.VisualStudio.TestPlatform.CommunicationUtilities.TestRequestSender.<InitializeCommunication>b__23_0, took 0 ms.
TpTrace Verbose: 0 : 25116, 5, 2022/05/12, 09:19:26.008, 67417715437, vstest.console.dll, TestRequestSender.WaitForRequestHandlerConnection: waiting took 99 ms, with timeout 90000 ms, and result 0, which is success.
TpTrace Verbose: 0 : 25116, 7, 2022/05/12, 09:19:26.008, 67417716273, vstest.console.dll, SocketServer.OnClientConnected: Client connected for endPoint: 127.0.0.1:57850, starting MessageLoopAsync:
TpTrace Verbose: 0 : 25116, 7, 2022/05/12, 09:19:26.009, 67417717485, vstest.console.dll, TcpClientExtensions.MessageLoopAsync: Polling on remoteEndPoint: 127.0.0.1:57851 localEndPoint: 127.0.0.1:57850
TpTrace Verbose: 0 : 25116, 5, 2022/05/12, 09:19:26.009, 67417721253, vstest.console.dll, TestRequestSender.CheckVersionWithTestHost: Sending check version message: {"MessageType":"ProtocolVersion","Payload":5}
TpTrace Verbose: 0 : 25116, 7, 2022/05/12, 09:19:26.098, 67418607959, vstest.console.dll, TcpClientExtensions.MessageLoopAsync: NotifyDataAvailable remoteEndPoint: 127.0.0.1:57851 localEndPoint: 127.0.0.1:57850
TpTrace Verbose: 0 : 25116, 7, 2022/05/12, 09:19:26.098, 67418609669, vstest.console.dll, TestRequestSender.CheckVersionWithTestHost: onMessageReceived received message: (ProtocolVersion) -> 5
TpTrace Verbose: 0 : 25116, 7, 2022/05/12, 09:19:26.098, 67418611962, vstest.console.dll, MulticastDelegateUtilities.SafeInvoke: LengthPrefixCommunicationChannel: MessageReceived: Invoking callback 1/1 for Microsoft.VisualStudio.TestPlatform.CommunicationUtilities.TestRequestSender+<>c__DisplayClass25_0.<CheckVersionWithTestHost>b__0, took 0 ms.
TpTrace Verbose: 0 : 25116, 7, 2022/05/12, 09:19:26.098, 67418612392, vstest.console.dll, TcpClientExtensions.MessageLoopAsync: Polling on remoteEndPoint: 127.0.0.1:57851 localEndPoint: 127.0.0.1:57850
TpTrace Verbose: 0 : 25116, 5, 2022/05/12, 09:19:26.098, 67418612624, vstest.console.dll, TestPluginCache.GetExtensionPaths: Filtered extension paths: 
TpTrace Verbose: 0 : 25116, 5, 2022/05/12, 09:19:26.098, 67418613105, vstest.console.dll, TestPluginCache.GetExtensionPaths: Added default extension paths: C:\Program Files\dotnet\sdk\6.0.300-preview.22204.3\Extensions\DumpMinitool.exe
C:\Program Files\dotnet\sdk\6.0.300-preview.22204.3\Extensions\DumpMinitool.x86.exe
C:\Program Files\dotnet\sdk\6.0.300-preview.22204.3\Extensions\Microsoft.Diagnostics.NETCore.Client.dll
C:\Program Files\dotnet\sdk\6.0.300-preview.22204.3\Extensions\Microsoft.TestPlatform.Extensions.BlameDataCollector.dll
C:\Program Files\dotnet\sdk\6.0.300-preview.22204.3\Extensions\Microsoft.TestPlatform.Extensions.EventLogCollector.dll
C:\Program Files\dotnet\sdk\6.0.300-preview.22204.3\Extensions\Microsoft.TestPlatform.TestHostRuntimeProvider.dll
C:\Program Files\dotnet\sdk\6.0.300-preview.22204.3\Extensions\Microsoft.VisualStudio.TestPlatform.Extensions.Html.TestLogger.dll
C:\Program Files\dotnet\sdk\6.0.300-preview.22204.3\Extensions\Microsoft.VisualStudio.TestPlatform.Extensions.Trx.TestLogger.dll
TpTrace Verbose: 0 : 25116, 5, 2022/05/12, 09:19:26.098, 67418613379, vstest.console.dll, TestPluginCache.GetExtensionPaths: Added unfilterableExtensionPaths: 
TpTrace Verbose: 0 : 25116, 5, 2022/05/12, 09:19:26.100, 67418633282, vstest.console.dll, TestRequestSender.InitializeExecution: Sending initialize execution with message: {"Version":5,"MessageType":"TestExecution.Initialize","Payload":["L:\\source\\repos\\CardShow\\Test\\bin\\Debug\\net6.0\\fine-code-coverage\\build-output\\xunit.runner.visualstudio.dotnetcore.testadapter.dll"]}
TpTrace Warning: 0 : 25116, 5, 2022/05/12, 09:19:26.100, 67418635687, vstest.console.dll, InferRunSettingsHelper.MakeRunsettingsCompatible: Removing the following settings: TargetPlatform from RunSettings file. To use those settings please move to latest version of Microsoft.NET.Test.Sdk
TpTrace Verbose: 0 : 25116, 7, 2022/05/12, 09:19:26.104, 67418671785, vstest.console.dll, TcpClientExtensions.MessageLoopAsync: NotifyDataAvailable remoteEndPoint: 127.0.0.1:57851 localEndPoint: 127.0.0.1:57850
TpTrace Verbose: 0 : 25116, 7, 2022/05/12, 09:19:26.104, 67418672477, vstest.console.dll, TestRequestSender.OnExecutionMessageReceived: Received message: {"Version":5,"MessageType":"TestSession.Message","Payload":{"MessageLevel":0,"Message":"Logging TestHost Diagnostics in file: L:\\source\\repos\\CardShow\\Test\\bin\\Debug\\net6.0\\fine-code-coverage\\coverage-tool-output\\diagnostics.host.22-05-12_09-19-25_90340_5.log"}}
TpTrace Verbose: 0 : 25116, 7, 2022/05/12, 09:19:26.105, 67418682812, vstest.console.dll, TestRunRequest:SendTestRunMessage: Starting.
TpTrace Verbose: 0 : 25116, 7, 2022/05/12, 09:19:26.105, 67418683366, vstest.console.dll, MulticastDelegateUtilities.SafeInvoke: TestRun.LogMessages: Invoking callback 1/1 for Microsoft.VisualStudio.TestPlatform.CommandLine.TestRunResultAggregator.TestRunMessageHandler, took 0 ms.
TpTrace Information: 0 : 25116, 7, 2022/05/12, 09:19:26.105, 67418683660, vstest.console.dll, TestRunRequest:SendTestRunMessage: Completed.
TpTrace Verbose: 0 : 25116, 4, 2022/05/12, 09:19:26.105, 67418683827, vstest.console.dll, MulticastDelegateUtilities.SafeInvoke: InternalTestLoggerEvents.SendTestRunMessage: Invoking callback 1/1 for Microsoft.VisualStudio.TestPlatform.CommandLine.Internal.ConsoleLogger.TestMessageHandler, took 0 ms.
TpTrace Verbose: 0 : 25116, 7, 2022/05/12, 09:19:26.105, 67418683924, vstest.console.dll, MulticastDelegateUtilities.SafeInvoke: LengthPrefixCommunicationChannel: MessageReceived: Invoking callback 1/1 for Microsoft.VisualStudio.TestPlatform.CommunicationUtilities.TestRequestSender+<>c__DisplayClass29_0.<StartTestRun>b__1, took 1 ms.
TpTrace Verbose: 0 : 25116, 7, 2022/05/12, 09:19:26.105, 67418684472, vstest.console.dll, TcpClientExtensions.MessageLoopAsync: Polling on remoteEndPoint: 127.0.0.1:57851 localEndPoint: 127.0.0.1:57850
TpTrace Verbose: 0 : 25116, 5, 2022/05/12, 09:19:26.105, 67418683853, vstest.console.dll, TestRequestSender.StartTestRun: Sending test run with message: {"Version":5,"MessageType":"TestExecution.StartWithSources","Payload":{"AdapterSourceMap":{"_none_":["L:\\source\\repos\\CardShow\\Test\\bin\\Debug\\net6.0\\fine-code-coverage\\build-output\\CardShow.Test.dll"]},"RunSettings":"<RunSettings>\r\n  <RunConfiguration>\r\n    <ResultsDirectory>L:\\source\\repos\\CardShow\\Test\\bin\\Debug\\net6.0\\fine-code-coverage\\coverage-tool-output</ResultsDirectory>\r\n    <TargetFrameworkVersion>.NETCoreApp,Version=v6.0</TargetFrameworkVersion>\r\n    <DesignMode>False</DesignMode>\r\n    <CollectSourceInformation>False</CollectSourceInformation>\r\n  </RunConfiguration>\r\n  <LoggerRunSettings>\r\n    <Loggers>\r\n      <Logger friendlyName=\"blame\" enabled=\"True\" />\r\n      <Logger friendlyName=\"Console\" uri=\"logger://microsoft/TestPlatform/ConsoleLogger/v1\" assemblyQualifiedName=\"Microsoft.VisualStudio.TestPlatform.CommandLine.Internal.ConsoleLogger, vstest.console, Version=15.0.0.0, Culture=neutral, PublicKeyToken=b03f5f7f11d50a3a\" codeBase=\"C:\\Program Files\\dotnet\\sdk\\6.0.300-preview.22204.3\\vstest.console.dll\" enabled=\"True\" />\r\n    </Loggers>\r\n  </LoggerRunSettings>\r\n  <DataCollectionRunSettings>\r\n    <DataCollectors>\r\n      <DataCollector friendlyName=\"blame\" enabled=\"True\">\r\n        <Configuration>\r\n          <ResultsDirectory>L:\\source\\repos\\CardShow\\Test\\bin\\Debug\\net6.0\\fine-code-coverage\\coverage-tool-output</ResultsDirectory>\r\n        </Configuration>\r\n      </DataCollector>\r\n    </DataCollectors>\r\n  </DataCollectionRunSettings>\r\n</RunSettings>","TestExecutionContext":{"FrequencyOfRunStatsChangeEvent":10,"RunStatsChangeEventTimeout":"00:00:01.5000000","InIsolation":false,"KeepAlive":false,"AreTestCaseLevelEventsRequired":false,"IsDebug":false,"TestCaseFilter":null,"FilterOptions":null},"Package":null}}
TpTrace Verbose: 0 : 25116, 7, 2022/05/12, 09:19:26.208, 67419716660, vstest.console.dll, TcpClientExtensions.MessageLoopAsync: NotifyDataAvailable remoteEndPoint: 127.0.0.1:57851 localEndPoint: 127.0.0.1:57850
TpTrace Verbose: 0 : 25116, 7, 2022/05/12, 09:19:26.209, 67419717599, vstest.console.dll, TestRequestSender.OnExecutionMessageReceived: Received message: {"Version":5,"MessageType":"TestSession.Message","Payload":{"MessageLevel":0,"Message":"[xUnit.net 00:00:00.00] xUnit.net VSTest Adapter v2.4.3+1b45f5407b (64-bit .NET 6.0.3)"}}
TpTrace Verbose: 0 : 25116, 7, 2022/05/12, 09:19:26.209, 67419719200, vstest.console.dll, TestRunRequest:SendTestRunMessage: Starting.
TpTrace Verbose: 0 : 25116, 7, 2022/05/12, 09:19:26.209, 67419719634, vstest.console.dll, MulticastDelegateUtilities.SafeInvoke: TestRun.LogMessages: Invoking callback 1/1 for Microsoft.VisualStudio.TestPlatform.CommandLine.TestRunResultAggregator.TestRunMessageHandler, took 0 ms.
TpTrace Information: 0 : 25116, 7, 2022/05/12, 09:19:26.209, 67419719837, vstest.console.dll, TestRunRequest:SendTestRunMessage: Completed.
TpTrace Verbose: 0 : 25116, 7, 2022/05/12, 09:19:26.209, 67419720020, vstest.console.dll, MulticastDelegateUtilities.SafeInvoke: LengthPrefixCommunicationChannel: MessageReceived: Invoking callback 1/1 for Microsoft.VisualStudio.TestPlatform.CommunicationUtilities.TestRequestSender+<>c__DisplayClass29_0.<StartTestRun>b__1, took 0 ms.
TpTrace Verbose: 0 : 25116, 4, 2022/05/12, 09:19:26.209, 67419720115, vstest.console.dll, MulticastDelegateUtilities.SafeInvoke: InternalTestLoggerEvents.SendTestRunMessage: Invoking callback 1/1 for Microsoft.VisualStudio.TestPlatform.CommandLine.Internal.ConsoleLogger.TestMessageHandler, took 0 ms.
TpTrace Verbose: 0 : 25116, 7, 2022/05/12, 09:19:26.209, 67419720230, vstest.console.dll, TcpClientExtensions.MessageLoopAsync: Polling on remoteEndPoint: 127.0.0.1:57851 localEndPoint: 127.0.0.1:57850
TpTrace Verbose: 0 : 25116, 7, 2022/05/12, 09:19:26.463, 67422263796, vstest.console.dll, TcpClientExtensions.MessageLoopAsync: NotifyDataAvailable remoteEndPoint: 127.0.0.1:57851 localEndPoint: 127.0.0.1:57850
TpTrace Verbose: 0 : 25116, 7, 2022/05/12, 09:19:26.463, 67422264899, vstest.console.dll, TestRequestSender.OnExecutionMessageReceived: Received message: {"Version":5,"MessageType":"TestSession.Message","Payload":{"MessageLevel":0,"Message":"[xUnit.net 00:00:00.26]   Discovering: CardShow.Test"}}
TpTrace Verbose: 0 : 25116, 7, 2022/05/12, 09:19:26.463, 67422266514, vstest.console.dll, TestRunRequest:SendTestRunMessage: Starting.
TpTrace Verbose: 0 : 25116, 7, 2022/05/12, 09:19:26.463, 67422266993, vstest.console.dll, MulticastDelegateUtilities.SafeInvoke: TestRun.LogMessages: Invoking callback 1/1 for Microsoft.VisualStudio.TestPlatform.CommandLine.TestRunResultAggregator.TestRunMessageHandler, took 0 ms.
TpTrace Information: 0 : 25116, 7, 2022/05/12, 09:19:26.464, 67422267238, vstest.console.dll, TestRunRequest:SendTestRunMessage: Completed.
TpTrace Verbose: 0 : 25116, 4, 2022/05/12, 09:19:26.464, 67422267183, vstest.console.dll, MulticastDelegateUtilities.SafeInvoke: InternalTestLoggerEvents.SendTestRunMessage: Invoking callback 1/1 for Microsoft.VisualStudio.TestPlatform.CommandLine.Internal.ConsoleLogger.TestMessageHandler, took 0 ms.
TpTrace Verbose: 0 : 25116, 7, 2022/05/12, 09:19:26.464, 67422267514, vstest.console.dll, MulticastDelegateUtilities.SafeInvoke: LengthPrefixCommunicationChannel: MessageReceived: Invoking callback 1/1 for Microsoft.VisualStudio.TestPlatform.CommunicationUtilities.TestRequestSender+<>c__DisplayClass29_0.<StartTestRun>b__1, took 0 ms.
TpTrace Verbose: 0 : 25116, 7, 2022/05/12, 09:19:26.464, 67422268332, vstest.console.dll, TcpClientExtensions.MessageLoopAsync: Polling on remoteEndPoint: 127.0.0.1:57851 localEndPoint: 127.0.0.1:57850
TpTrace Verbose: 0 : 25116, 7, 2022/05/12, 09:19:26.486, 67422496816, vstest.console.dll, TcpClientExtensions.MessageLoopAsync: NotifyDataAvailable remoteEndPoint: 127.0.0.1:57851 localEndPoint: 127.0.0.1:57850
TpTrace Verbose: 0 : 25116, 7, 2022/05/12, 09:19:26.487, 67422497614, vstest.console.dll, TestRequestSender.OnExecutionMessageReceived: Received message: {"Version":5,"MessageType":"TestSession.Message","Payload":{"MessageLevel":0,"Message":"[xUnit.net 00:00:00.28]   Discovered:  CardShow.Test"}}
TpTrace Verbose: 0 : 25116, 7, 2022/05/12, 09:19:26.487, 67422499055, vstest.console.dll, TestRunRequest:SendTestRunMessage: Starting.
TpTrace Verbose: 0 : 25116, 7, 2022/05/12, 09:19:26.487, 67422499530, vstest.console.dll, MulticastDelegateUtilities.SafeInvoke: TestRun.LogMessages: Invoking callback 1/1 for Microsoft.VisualStudio.TestPlatform.CommandLine.TestRunResultAggregator.TestRunMessageHandler, took 0 ms.
TpTrace Verbose: 0 : 25116, 4, 2022/05/12, 09:19:26.487, 67422499722, vstest.console.dll, MulticastDelegateUtilities.SafeInvoke: InternalTestLoggerEvents.SendTestRunMessage: Invoking callback 1/1 for Microsoft.VisualStudio.TestPlatform.CommandLine.Internal.ConsoleLogger.TestMessageHandler, took 0 ms.
TpTrace Information: 0 : 25116, 7, 2022/05/12, 09:19:26.487, 67422499753, vstest.console.dll, TestRunRequest:SendTestRunMessage: Completed.
TpTrace Verbose: 0 : 25116, 7, 2022/05/12, 09:19:26.487, 67422500797, vstest.console.dll, MulticastDelegateUtilities.SafeInvoke: LengthPrefixCommunicationChannel: MessageReceived: Invoking callback 1/1 for Microsoft.VisualStudio.TestPlatform.CommunicationUtilities.TestRequestSender+<>c__DisplayClass29_0.<StartTestRun>b__1, took 0 ms.
TpTrace Verbose: 0 : 25116, 7, 2022/05/12, 09:19:26.487, 67422501111, vstest.console.dll, TcpClientExtensions.MessageLoopAsync: Polling on remoteEndPoint: 127.0.0.1:57851 localEndPoint: 127.0.0.1:57850
TpTrace Verbose: 0 : 25116, 7, 2022/05/12, 09:19:26.488, 67422512176, vstest.console.dll, TcpClientExtensions.MessageLoopAsync: NotifyDataAvailable remoteEndPoint: 127.0.0.1:57851 localEndPoint: 127.0.0.1:57850
TpTrace Verbose: 0 : 25116, 7, 2022/05/12, 09:19:26.488, 67422512742, vstest.console.dll, TestRequestSender.OnExecutionMessageReceived: Received message: {"Version":5,"MessageType":"TestSession.Message","Payload":{"MessageLevel":0,"Message":"[xUnit.net 00:00:00.28]   Starting:    CardShow.Test"}}
TpTrace Verbose: 0 : 25116, 7, 2022/05/12, 09:19:26.488, 67422513747, vstest.console.dll, TestRunRequest:SendTestRunMessage: Starting.
TpTrace Verbose: 0 : 25116, 7, 2022/05/12, 09:19:26.488, 67422514181, vstest.console.dll, MulticastDelegateUtilities.SafeInvoke: TestRun.LogMessages: Invoking callback 1/1 for Microsoft.VisualStudio.TestPlatform.CommandLine.TestRunResultAggregator.TestRunMessageHandler, took 0 ms.
TpTrace Verbose: 0 : 25116, 4, 2022/05/12, 09:19:26.488, 67422514294, vstest.console.dll, MulticastDelegateUtilities.SafeInvoke: InternalTestLoggerEvents.SendTestRunMessage: Invoking callback 1/1 for Microsoft.VisualStudio.TestPlatform.CommandLine.Internal.ConsoleLogger.TestMessageHandler, took 0 ms.
TpTrace Information: 0 : 25116, 7, 2022/05/12, 09:19:26.488, 67422515017, vstest.console.dll, TestRunRequest:SendTestRunMessage: Completed.
TpTrace Verbose: 0 : 25116, 7, 2022/05/12, 09:19:26.488, 67422515398, vstest.console.dll, MulticastDelegateUtilities.SafeInvoke: LengthPrefixCommunicationChannel: MessageReceived: Invoking callback 1/1 for Microsoft.VisualStudio.TestPlatform.CommunicationUtilities.TestRequestSender+<>c__DisplayClass29_0.<StartTestRun>b__1, took 0 ms.
TpTrace Verbose: 0 : 25116, 7, 2022/05/12, 09:19:26.488, 67422515610, vstest.console.dll, TcpClientExtensions.MessageLoopAsync: Polling on remoteEndPoint: 127.0.0.1:57851 localEndPoint: 127.0.0.1:57850
TpTrace Verbose: 0 : 25116, 7, 2022/05/12, 09:19:26.547, 67423102112, vstest.console.dll, TcpClientExtensions.MessageLoopAsync: NotifyDataAvailable remoteEndPoint: 127.0.0.1:57851 localEndPoint: 127.0.0.1:57850
TpTrace Verbose: 0 : 25116, 7, 2022/05/12, 09:19:26.547, 67423103126, vstest.console.dll, TestRequestSender.OnExecutionMessageReceived: Received message: {"Version":5,"MessageType":"TestSession.Message","Payload":{"MessageLevel":0,"Message":"[xUnit.net 00:00:00.34]   Finished:    CardShow.Test"}}
TpTrace Verbose: 0 : 25116, 7, 2022/05/12, 09:19:26.547, 67423104382, vstest.console.dll, TestRunRequest:SendTestRunMessage: Starting.
TpTrace Verbose: 0 : 25116, 7, 2022/05/12, 09:19:26.547, 67423104878, vstest.console.dll, MulticastDelegateUtilities.SafeInvoke: TestRun.LogMessages: Invoking callback 1/1 for Microsoft.VisualStudio.TestPlatform.CommandLine.TestRunResultAggregator.TestRunMessageHandler, took 0 ms.
TpTrace Verbose: 0 : 25116, 4, 2022/05/12, 09:19:26.547, 67423105068, vstest.console.dll, MulticastDelegateUtilities.SafeInvoke: InternalTestLoggerEvents.SendTestRunMessage: Invoking callback 1/1 for Microsoft.VisualStudio.TestPlatform.CommandLine.Internal.ConsoleLogger.TestMessageHandler, took 0 ms.
TpTrace Information: 0 : 25116, 7, 2022/05/12, 09:19:26.547, 67423105266, vstest.console.dll, TestRunRequest:SendTestRunMessage: Completed.
TpTrace Verbose: 0 : 25116, 7, 2022/05/12, 09:19:26.547, 67423105982, vstest.console.dll, MulticastDelegateUtilities.SafeInvoke: LengthPrefixCommunicationChannel: MessageReceived: Invoking callback 1/1 for Microsoft.VisualStudio.TestPlatform.CommunicationUtilities.TestRequestSender+<>c__DisplayClass29_0.<StartTestRun>b__1, took 0 ms.
TpTrace Verbose: 0 : 25116, 7, 2022/05/12, 09:19:26.547, 67423106230, vstest.console.dll, TcpClientExtensions.MessageLoopAsync: Polling on remoteEndPoint: 127.0.0.1:57851 localEndPoint: 127.0.0.1:57850
TpTrace Verbose: 0 : 25116, 7, 2022/05/12, 09:19:26.572, 67423351412, vstest.console.dll, TcpClientExtensions.MessageLoopAsync: NotifyDataAvailable remoteEndPoint: 127.0.0.1:57851 localEndPoint: 127.0.0.1:57850
TpTrace Verbose: 0 : 25116, 7, 2022/05/12, 09:19:26.572, 67423352400, vstest.console.dll, TestRequestSender.OnExecutionMessageReceived: Received message: {"Version":5,"MessageType":"TestExecution.Completed","Payload":{"TestRunCompleteArgs":{"TestRunStatistics":{"ExecutedTests":2,"Stats":{"Passed":2}},"IsCanceled":false,"IsAborted":false,"Error":null,"AttachmentSets":[],"ElapsedTimeInRunningTests":"00:00:00.3502954","Metrics":{}},"LastRunTests":{"NewTestResults":[{"TestCase":{"Id":"a8b379b9-970d-fc5e-5786-2e8fc1dab50e","FullyQualifiedName":"CardShow.Test.CS_Core.DataFixtureTest.TestConnStr","DisplayName":"CardShow.Test.CS_Core.DataFixtureTest.TestConnStr","ExecutorUri":"executor://xunit/VsTestRunner2/netcoreapp","Source":"L:\\source\\repos\\CardShow\\Test\\bin\\Debug\\net6.0\\fine-code-coverage\\build-output\\CardShow.Test.dll","CodeFilePath":null,"LineNumber":0,"Properties":[]},"Attachments":[],"Outcome":1,"ErrorMessage":null,"ErrorStackTrace":null,"DisplayName":"CardShow.Test.CS_Core.DataFixtureTest.TestConnStr","Messages":[],"ComputerName":"HOME-OFFICE","Duration":"00:00:00.0017679","StartTime":"2022-05-12T16:19:26.5354838+00:00","EndTime":"2022-05-12T16:19:26.5355019+00:00","Properties":[]},{"TestCase":{"Id":"7816344a-38da-9a57-b83b-4d13eb7b513a","FullyQualifiedName":"CardShow.Test.Data.CardSetFactoryTest.CreateCardSetEntity","DisplayName":"CardShow.Test.Data.CardSetFactoryTest.CreateCardSetEntity","ExecutorUri":"executor://xunit/VsTestRunner2/netcoreapp","Source":"L:\\source\\repos\\CardShow\\Test\\bin\\Debug\\net6.0\\fine-code-coverage\\build-output\\CardShow.Test.dll","CodeFilePath":null,"LineNumber":0,"Properties":[]},"Attachments":[],"Outcome":1,"ErrorMessage":null,"ErrorStackTrace":null,"DisplayName":"CardShow.Test.Data.CardSetFactoryTest.CreateCardSetEntity","Messages":[],"ComputerName":"HOME-OFFICE","Duration":"00:00:00.0035528","StartTime":"2022-05-12T16:19:26.5456244+00:00","EndTime":"2022-05-12T16:19:26.5456244+00:00","Properties":[]}],"TestRunStatistics":{"ExecutedTests":2,"Stats":{"Passed":2}},"ActiveTests":[]},"RunAttachments":[],"ExecutorUris":["executor://xunit/VsTestRunner2/netcoreapp"]}}
TpTrace Verbose: 0 : 25116, 7, 2022/05/12, 09:19:26.572, 67423355540, vstest.console.dll, TestRequestSender.EndSession: Sending end session.
TpTrace Verbose: 0 : 25116, 7, 2022/05/12, 09:19:26.572, 67423356650, vstest.console.dll, ProxyOperationManager.Close: waiting for test host to exit for 100 ms
TpTrace Warning: 0 : 25116, 13, 2022/05/12, 09:19:26.586, 67423493092, vstest.console.dll, TestHostManagerCallbacks.ErrorReceivedCallback Test host standard error line: 
TpTrace Verbose: 0 : 25116, 8, 2022/05/12, 09:19:26.593, 67423560948, vstest.console.dll, TestHostProvider.ExitCallBack: Host exited starting callback.
TpTrace Information: 0 : 25116, 8, 2022/05/12, 09:19:26.593, 67423564018, vstest.console.dll, TestHostManagerCallbacks.ExitCallBack: Testhost processId: 4920 exited with exitcode: 0 error: ''
TpTrace Verbose: 0 : 25116, 8, 2022/05/12, 09:19:26.593, 67423564469, vstest.console.dll, DotnetTestHostManager.OnHostExited: invoking OnHostExited callback
TpTrace Verbose: 0 : 25116, 8, 2022/05/12, 09:19:26.593, 67423564806, vstest.console.dll, CrossPlatEngine.TestHostManagerHostExited: calling on client process exit callback.
TpTrace Information: 0 : 25116, 8, 2022/05/12, 09:19:26.593, 67423565186, vstest.console.dll, TestRequestSender.OnClientProcessExit: Test host process exited. Standard error: 
TpTrace Information: 0 : 25116, 8, 2022/05/12, 09:19:26.593, 67423565467, vstest.console.dll, SocketServer.Stop: Stop server endPoint: 127.0.0.1:57850
TpTrace Information: 0 : 25116, 8, 2022/05/12, 09:19:26.593, 67423565644, vstest.console.dll, SocketServer.Stop: Cancellation requested. Stopping message loop.
TpTrace Information: 0 : 25116, 7, 2022/05/12, 09:19:26.593, 67423565726, vstest.console.dll, SocketServer.Stop: Stop server endPoint: 127.0.0.1:57850
TpTrace Information: 0 : 25116, 7, 2022/05/12, 09:19:26.593, 67423566120, vstest.console.dll, SocketServer.Stop: Cancellation requested. Stopping message loop.
TpTrace Verbose: 0 : 25116, 8, 2022/05/12, 09:19:26.593, 67423566318, vstest.console.dll, MulticastDelegateUtilities.SafeInvoke: HostProviderEvents.OnHostExited: Invoking callback 1/1 for Microsoft.VisualStudio.TestPlatform.CrossPlatEngine.Client.ProxyOperationManager.TestHostManagerHostExited, took 0 ms.
TpTrace Information: 0 : 25116, 7, 2022/05/12, 09:19:26.593, 67423566397, vstest.console.dll, Closing the connection
TpTrace Verbose: 0 : 25116, 7, 2022/05/12, 09:19:26.594, 67423569383, vstest.console.dll, ProxyDataCollectionManager.InvokeDataCollectionServiceAction: Starting.
TpTrace Information: 0 : 25116, 7, 2022/05/12, 09:19:26.594, 67423569761, vstest.console.dll, ProxyDataCollectionManager.AfterTestRunEnd: Get attachment set and invoked data collectors processId: 4620 port: 57844
TpTrace Verbose: 0 : 25116, 7, 2022/05/12, 09:19:26.594, 67423570090, vstest.console.dll, DataCollectionRequestSender.SendAfterTestRunStartAndGetResult : Send AfterTestRunEnd message with isCancelled: False
TpTrace Verbose: 0 : 25116, 7, 2022/05/12, 09:19:26.598, 67423614560, vstest.console.dll, DataCollectionRequestSender.SendAfterTestRunStartAndGetResult : Received message: (DataCollection.AfterTestRunEndResult) -> {
  "AttachmentSets": [],
  "InvokedDataCollectors": [
    {
      "Uri": "datacollector://Microsoft/TestPlatform/Extensions/Blame/v1",
      "FriendlyName": "Blame",
      "AssemblyQualifiedName": "Microsoft.TestPlatform.Extensions.BlameDataCollector.BlameCollector, Microsoft.TestPlatform.Extensions.BlameDataCollector, Version=15.0.0.0, Culture=neutral, PublicKeyToken=b03f5f7f11d50a3a",
      "FilePath": "C:\\Program Files\\dotnet\\sdk\\6.0.300-preview.22204.3\\Extensions\\Microsoft.TestPlatform.Extensions.BlameDataCollector.dll",
      "HasAttachmentProcessor": false
    }
  ],
  "Metrics": {}
}
TpTrace Warning: 0 : 25116, 10, 2022/05/12, 09:19:26.601, 67423645926, vstest.console.dll, DataCollectionLauncher.ErrorReceivedCallback datacollector standard error line: 
TpTrace Information: 0 : 25116, 7, 2022/05/12, 09:19:26.602, 67423652764, vstest.console.dll, ProxyDataCollectionManager.InvokeDataCollectionServiceAction: Completed.
TpTrace Information: 0 : 25116, 8, 2022/05/12, 09:19:26.605, 67423679864, vstest.console.dll, DataCollectionLauncher.ExitCallBack: Data collector exited with exitcode: 0 error: ''
TpTrace Verbose: 0 : 25116, 7, 2022/05/12, 09:19:26.633, 67423960893, vstest.console.dll, TestRunRequest:SendTestRunStatsChange: Starting.
TpTrace Verbose: 0 : 25116, 7, 2022/05/12, 09:19:26.633, 67423962211, vstest.console.dll, MulticastDelegateUtilities.SafeInvoke: TestRun.RunStatsChanged: Invoking callbacks was skipped because there are no subscribers.
TpTrace Information: 0 : 25116, 7, 2022/05/12, 09:19:26.633, 67423962536, vstest.console.dll, TestRunRequest:SendTestRunStatsChange: Completed.
TpTrace Verbose: 0 : 25116, 7, 2022/05/12, 09:19:26.633, 67423963685, vstest.console.dll, ParallelProxyExecutionManager: HandlePartialRunComplete: Total completed clients = 1, Run complete = True, Run canceled: False.
TpTrace Verbose: 0 : 25116, 4, 2022/05/12, 09:19:26.635, 67423977436, vstest.console.dll, MulticastDelegateUtilities.SafeInvoke: InternalTestLoggerEvents.SendTestResult: Invoking callback 1/1 for Microsoft.VisualStudio.TestPlatform.CommandLine.Internal.ConsoleLogger.TestResultHandler, took 1 ms.
TpTrace Verbose: 0 : 25116, 4, 2022/05/12, 09:19:26.635, 67423978090, vstest.console.dll, MulticastDelegateUtilities.SafeInvoke: InternalTestLoggerEvents.SendTestResult: Invoking callback 1/1 for Microsoft.VisualStudio.TestPlatform.CommandLine.Internal.ConsoleLogger.TestResultHandler, took 0 ms.
TpTrace Verbose: 0 : 25116, 4, 2022/05/12, 09:19:26.639, 67424021126, vstest.console.dll, MulticastDelegateUtilities.SafeInvoke: InternalTestLoggerEvents.SendTestRunComplete: Invoking callback 1/2 for Microsoft.TestPlatform.Extensions.BlameDataCollector.BlameLogger.TestRunCompleteHandler, took 0 ms.
TpTrace Verbose: 0 : 25116, 4, 2022/05/12, 09:19:26.642, 67424055084, vstest.console.dll, MulticastDelegateUtilities.SafeInvoke: InternalTestLoggerEvents.SendTestRunComplete: Invoking callback 2/2 for Microsoft.VisualStudio.TestPlatform.CommandLine.Internal.ConsoleLogger.TestRunCompleteHandler, took 3 ms.
TpTrace Verbose: 0 : 25116, 7, 2022/05/12, 09:19:26.643, 67424057432, vstest.console.dll, TestRunRequest:TestRunComplete: Starting. IsAborted:False IsCanceled:False.
TpTrace Verbose: 0 : 25116, 7, 2022/05/12, 09:19:26.643, 67424058310, vstest.console.dll, TestLoggerManager.HandleTestRunComplete: Ignoring as the object is disposed.
TpTrace Verbose: 0 : 25116, 7, 2022/05/12, 09:19:26.643, 67424059402, vstest.console.dll, MulticastDelegateUtilities.SafeInvoke: TestRun.TestRunComplete: Invoking callback 1/2 for Microsoft.VisualStudio.TestPlatform.CommandLine.TestRunResultAggregator.TestRunCompletionHandler, took 0 ms.
TpTrace Verbose: 0 : 25116, 7, 2022/05/12, 09:19:26.643, 67424059932, vstest.console.dll, MulticastDelegateUtilities.SafeInvoke: TestRun.TestRunComplete: Invoking callback 2/2 for Microsoft.VisualStudio.TestPlatform.CommandLine.Processors.RunTestsArgumentExecutor+TestRunRequestEventsRegistrar.TestRunRequest_OnRunCompletion, took 0 ms.
TpTrace Information: 0 : 25116, 7, 2022/05/12, 09:19:26.643, 67424060475, vstest.console.dll, TestRunRequest:TestRunComplete: Completed.
TpTrace Verbose: 0 : 25116, 7, 2022/05/12, 09:19:26.643, 67424060754, vstest.console.dll, TestRequestSender.SetOperationComplete: Setting operation complete.
TpTrace Verbose: 0 : 25116, 1, 2022/05/12, 09:19:26.643, 67424060739, vstest.console.dll, TestRunRequest.Dispose: Starting.
TpTrace Information: 0 : 25116, 7, 2022/05/12, 09:19:26.643, 67424060946, vstest.console.dll, SocketServer.Stop: Stop server endPoint: 127.0.0.1:57850
TpTrace Information: 0 : 25116, 1, 2022/05/12, 09:19:26.643, 67424061367, vstest.console.dll, TestRunRequest.Dispose: Completed.
TpTrace Information: 0 : 25116, 7, 2022/05/12, 09:19:26.643, 67424061665, vstest.console.dll, SocketServer.Stop: Cancellation requested. Stopping message loop.
TpTrace Information: 0 : 25116, 1, 2022/05/12, 09:19:26.643, 67424061729, vstest.console.dll, TestRequestManager.RunTests: run tests completed.
TpTrace Verbose: 0 : 25116, 7, 2022/05/12, 09:19:26.643, 67424061967, vstest.console.dll, MulticastDelegateUtilities.SafeInvoke: LengthPrefixCommunicationChannel: MessageReceived: Invoking callback 1/1 for Microsoft.VisualStudio.TestPlatform.CommunicationUtilities.TestRequestSender+<>c__DisplayClass29_0.<StartTestRun>b__1, took 70 ms.
TpTrace Information: 0 : 25116, 7, 2022/05/12, 09:19:26.643, 67424062379, vstest.console.dll, SocketServer.PrivateStop: Stopping server endPoint: 127.0.0.1:57850 error: 
TpTrace Information: 0 : 25116, 1, 2022/05/12, 09:19:26.643, 67424062426, vstest.console.dll, RunTestsArgumentProcessor:Execute: Test run is completed.
TpTrace Verbose: 0 : 25116, 1, 2022/05/12, 09:19:26.643, 67424063691, vstest.console.dll, Executor.Execute: Exiting with exit code of 0
TpTrace Verbose: 0 : 25116, 7, 2022/05/12, 09:19:26.643, 67424065724, vstest.console.dll, LengthPrefixCommunicationChannel.Dispose: Dispose reader and writer.
TpTrace Information: 0 : 25116, 7, 2022/05/12, 09:19:26.643, 67424066210, vstest.console.dll, SocketServer.Stop: Raise disconnected event endPoint: 127.0.0.1:57850 error: 
TpTrace Verbose: 0 : 25116, 7, 2022/05/12, 09:19:26.643, 67424066609, vstest.console.dll, TestRequestSender: OnTestRunAbort: Operation is already complete. Skip error message.
TpTrace Verbose: 0 : 25116, 7, 2022/05/12, 09:19:26.643, 67424066866, vstest.console.dll, MulticastDelegateUtilities.SafeInvoke: SocketServer: ClientDisconnected: Invoking callback 1/1 for Microsoft.VisualStudio.TestPlatform.CommunicationUtilities.TestRequestSender.<InitializeCommunication>b__23_1, took 0 ms.
TpTrace Verbose: 0 : 25116, 7, 2022/05/12, 09:19:26.644, 67424067064, vstest.console.dll, TcpClientExtensions.MessageLoopAsync: exiting MessageLoopAsync remoteEndPoint: 127.0.0.1:57851 localEndPoint: 127.0.0.1:57850
